99.10.03 09:05 B C:\Website\MARIMBA\My Webs\IMAGES\1198_flagalist.gif --> interpoint.net /work/data/web/ancicare/images 1198_flagalist.gif
99.10.03 09:05 B C:\Website\MARIMBA\My Webs\IMAGES\@ancicare.gif --> interpoint.net /work/data/web/ancicare/images @ancicare.gif
99.10.03 09:05 B C:\Website\MARIMBA\My Webs\IMAGES\alist98.gif --> interpoint.net /work/data/web/ancicare/images alist98.gif
99.10.03 09:05 B C:\Website\MARIMBA\My Webs\IMAGES\AnciCare Network Banner.jpg --> interpoint.net /work/data/web/ancicare/images AnciCare Network Banner.jpg
99.10.03 09:05 B C:\Website\MARIMBA\My Webs\IMAGES\AnciCare Network.gif --> interpoint.net /work/data/web/ancicare/images AnciCare Network.gif
99.10.03 09:05 B C:\Website\MARIMBA\My Webs\IMAGES\Ancicare ppo label.gif --> interpoint.net /work/data/web/ancicare/images Ancicare ppo label.gif
99.10.03 09:05 B C:\Website\MARIMBA\My Webs\IMAGES\ancicare2.jpg --> interpoint.net /work/data/web/ancicare/images ancicare2.jpg
99.10.03 09:05 B C:\Website\MARIMBA\My Webs\IMAGES\AnciCare_Map_Locator.jpg --> interpoint.net /work/data/web/ancicare/images AnciCare_Map_Locator.jpg
99.10.03 09:05 B C:\Website\MARIMBA\My Webs\IMAGES\ancicaredotcomheading.gif --> interpoint.net /work/data/web/ancicare/images ancicaredotcomheading.gif
99.10.03 09:05 B C:\Website\MARIMBA\My Webs\IMAGES\ancicarenumber1.gif --> interpoint.net /work/data/web/ancicare/images ancicarenumber1.gif
99.10.03 09:06 B C:\Website\MARIMBA\My Webs\IMAGES\AVH.JPG --> interpoint.net /work/data/web/ancicare/images AVH.JPG
99.10.03 09:06 B C:\Website\MARIMBA\My Webs\IMAGES\banner w bbuster.gif --> interpoint.net /work/data/web/ancicare/images banner w bbuster.gif
99.10.03 09:06 B C:\Website\MARIMBA\My Webs\IMAGES\bbeawh.gif --> interpoint.net /work/data/web/ancicare/images bbeawh.gif
99.10.03 09:06 B C:\Website\MARIMBA\My Webs\IMAGES\bkgrd3.gif --> interpoint.net /work/data/web/ancicare/images bkgrd3.gif
99.10.03 09:06 B C:\Website\MARIMBA\My Webs\IMAGES\bldot.gif --> interpoint.net /work/data/web/ancicare/images bldot.gif
99.10.03 09:06 B C:\Website\MARIMBA\My Webs\IMAGES\blue_back_1_products.jpg --> interpoint.net /work/data/web/ancicare/images blue_back_1_products.jpg
99.10.03 09:06 B C:\Website\MARIMBA\My Webs\IMAGES\blue_back_2.jpg --> interpoint.net /work/data/web/ancicare/images blue_back_2.jpg
99.10.03 09:06 B C:\Website\MARIMBA\My Webs\IMAGES\brain in color.jpg --> interpoint.net /work/data/web/ancicare/images brain in color.jpg
99.10.03 09:06 B C:\Website\MARIMBA\My Webs\IMAGES\brain w eyes.jpg --> interpoint.net /work/data/web/ancicare/images brain w eyes.jpg
99.10.03 09:06 B C:\Website\MARIMBA\My Webs\IMAGES\brain_in_colo1r.jpg --> interpoint.net /work/data/web/ancicare/images brain_in_colo1r.jpg
99.10.03 09:06 B C:\Website\MARIMBA\My Webs\IMAGES\bytelogo.gif --> interpoint.net /work/data/web/ancicare/images bytelogo.gif
99.10.03 09:06 B C:\Website\MARIMBA\My Webs\IMAGES\charcoal_back_1.jpg --> interpoint.net /work/data/web/ancicare/images charcoal_back_1.jpg
99.10.03 09:06 B C:\Website\MARIMBA\My Webs\IMAGES\charcoal_back_2.jpg --> interpoint.net /work/data/web/ancicare/images charcoal_back_2.jpg
99.10.03 09:06 B C:\Website\MARIMBA\My Webs\IMAGES\company_also_see.gif --> interpoint.net /work/data/web/ancicare/images company_also_see.gif
99.10.03 09:06 B C:\Website\MARIMBA\My Webs\IMAGES\company_company_information.gif --> interpoint.net /work/data/web/ancicare/images company_company_information.gif
99.10.03 09:06 B C:\Website\MARIMBA\My Webs\IMAGES\company_contact_marimba.gif --> interpoint.net /work/data/web/ancicare/images company_contact_marimba.gif
99.10.03 09:06 B C:\Website\MARIMBA\My Webs\IMAGES\company_contact_marimba2.gif --> interpoint.net /work/data/web/ancicare/images company_contact_marimba2.gif
99.10.03 09:06 B C:\Website\MARIMBA\My Webs\IMAGES\Company_Nav.gif --> interpoint.net /work/data/web/ancicare/images Company_Nav.gif
99.10.03 09:06 B C:\Website\MARIMBA\My Webs\IMAGES\contact ancicare.gif --> interpoint.net /work/data/web/ancicare/images contact ancicare.gif
99.10.03 09:06 B C:\Website\MARIMBA\My Webs\IMAGES\Donna.jpg --> interpoint.net /work/data/web/ancicare/images Donna.jpg
99.10.03 09:06 B C:\Website\MARIMBA\My Webs\IMAGES\Dot Company Nav in White.gif --> interpoint.net /work/data/web/ancicare/images Dot Company Nav in White.gif
99.10.03 09:06 B C:\Website\MARIMBA\My Webs\IMAGES\Dot Company Nav in Yellow.gif --> interpoint.net /work/data/web/ancicare/images Dot Company Nav in Yellow.gif
99.10.03 09:06 B C:\Website\MARIMBA\My Webs\IMAGES\Dot Network Nav in White.gif --> interpoint.net /work/data/web/ancicare/images Dot Network Nav in White.gif
99.10.03 09:06 B C:\Website\MARIMBA\My Webs\IMAGES\Dot Network Nav in Yellow.gif --> interpoint.net /work/data/web/ancicare/images Dot Network Nav in Yellow.gif
99.10.03 09:06 B C:\Website\MARIMBA\My Webs\IMAGES\Dot News Nav in White.gif --> interpoint.net /work/data/web/ancicare/images Dot News Nav in White.gif
99.10.03 09:06 B C:\Website\MARIMBA\My Webs\IMAGES\Dot News Nav in Yellow.gif --> interpoint.net /work/data/web/ancicare/images Dot News Nav in Yellow.gif
99.10.03 09:06 B C:\Website\MARIMBA\My Webs\IMAGES\Dot Services Nav in White.gif --> interpoint.net /work/data/web/ancicare/images Dot Services Nav in White.gif
99.10.03 09:06 B C:\Website\MARIMBA\My Webs\IMAGES\Dot Services Nav in Yellow.gif --> interpoint.net /work/data/web/ancicare/images Dot Services Nav in Yellow.gif
99.10.03 09:06 B C:\Website\MARIMBA\My Webs\IMAGES\Dot Solutions Nav in White.gif --> interpoint.net /work/data/web/ancicare/images Dot Solutions Nav in White.gif
99.10.03 09:06 B C:\Website\MARIMBA\My Webs\IMAGES\Dot Solutions Nav in Yellow.gif --> interpoint.net /work/data/web/ancicare/images Dot Solutions Nav in Yellow.gif
99.10.03 09:06 B C:\Website\MARIMBA\My Webs\IMAGES\FLL to Office.gif --> interpoint.net /work/data/web/ancicare/images FLL to Office.gif
99.10.03 09:06 B C:\Website\MARIMBA\My Webs\IMAGES\fp_company in red.gif --> interpoint.net /work/data/web/ancicare/images fp_company in red.gif
99.10.03 09:07 B C:\Website\MARIMBA\My Webs\IMAGES\fp_news in red.gif --> interpoint.net /work/data/web/ancicare/images fp_news in red.gif
99.10.03 09:07 B C:\Website\MARIMBA\My Webs\IMAGES\GE_1.5.jpg --> interpoint.net /work/data/web/ancicare/images GE_1.5.jpg
99.10.03 09:07 B C:\Website\MARIMBA\My Webs\IMAGES\Girl on keyboard and computer MRI.jpg --> interpoint.net /work/data/web/ancicare/images Girl on keyboard and computer MRI.jpg
99.10.03 09:07 B C:\Website\MARIMBA\My Webs\IMAGES\green_back_1_news.jpg --> interpoint.net /work/data/web/ancicare/images green_back_1_news.jpg
99.10.03 09:07 B C:\Website\MARIMBA\My Webs\IMAGES\green_back_1_solution.jpg --> interpoint.net /work/data/web/ancicare/images green_back_1_solution.jpg
99.10.03 09:07 B C:\Website\MARIMBA\My Webs\IMAGES\green_back_2.jpg --> interpoint.net /work/data/web/ancicare/images green_back_2.jpg
99.10.03 09:07 B C:\Website\MARIMBA\My Webs\IMAGES\hbtitle.gif --> interpoint.net /work/data/web/ancicare/images hbtitle.gif
99.10.03 09:07 B C:\Website\MARIMBA\My Webs\IMAGES\hyper97.gif --> interpoint.net /work/data/web/ancicare/images hyper97.gif
99.10.03 09:07 B C:\Website\MARIMBA\My Webs\IMAGES\JACKIE3.JPG --> interpoint.net /work/data/web/ancicare/images JACKIE3.JPG
99.10.03 09:07 B C:\Website\MARIMBA\My Webs\IMAGES\jwec-logo144.gif --> interpoint.net /work/data/web/ancicare/images jwec-logo144.gif
99.10.03 09:07 B C:\Website\MARIMBA\My Webs\IMAGES\KIM.JPG --> interpoint.net /work/data/web/ancicare/images KIM.JPG
99.10.03 09:07 B C:\Website\MARIMBA\My Webs\IMAGES\logo-100.jpg --> interpoint.net /work/data/web/ancicare/images logo-100.jpg
99.10.03 09:07 B C:\Website\MARIMBA\My Webs\IMAGES\MAP.GIF --> interpoint.net /work/data/web/ancicare/images MAP.GIF
99.10.03 09:07 B C:\Website\MARIMBA\My Webs\IMAGES\marimba2.gif --> interpoint.net /work/data/web/ancicare/images marimba2.gif
99.10.03 09:08 B C:\Website\MARIMBA\My Webs\IMAGES\mia to office.gif --> interpoint.net /work/data/web/ancicare/images mia to office.gif
99.10.03 09:08 B C:\Website\MARIMBA\My Webs\IMAGES\Michael.jpg --> interpoint.net /work/data/web/ancicare/images Michael.jpg
99.10.03 09:08 B C:\Website\MARIMBA\My Webs\IMAGES\MRI_Birthday_V1_ThumbNail.jpg --> interpoint.net /work/data/web/ancicare/images MRI_Birthday_V1_ThumbNail.jpg
99.10.03 09:08 B C:\Website\MARIMBA\My Webs\IMAGES\nav_all_off.gif --> interpoint.net /work/data/web/ancicare/images nav_all_off.gif
99.10.03 09:08 B C:\Website\MARIMBA\My Webs\IMAGES\NAV_NEWS.GIF --> interpoint.net /work/data/web/ancicare/images NAV_NEWS.GIF
99.10.03 09:08 B C:\Website\MARIMBA\My Webs\IMAGES\nav_products.gif --> interpoint.net /work/data/web/ancicare/images nav_products.gif
99.10.03 09:08 B C:\Website\MARIMBA\My Webs\IMAGES\nav_services.gif --> interpoint.net /work/data/web/ancicare/images nav_services.gif
99.10.03 09:08 B C:\Website\MARIMBA\My Webs\IMAGES\Network Development Label.gif --> interpoint.net /work/data/web/ancicare/images Network Development Label.gif
99.10.03 09:08 B C:\Website\MARIMBA\My Webs\IMAGES\news_also_see.gif --> interpoint.net /work/data/web/ancicare/images news_also_see.gif
99.10.03 09:08 B C:\Website\MARIMBA\My Webs\IMAGES\news_news_and_press.gif --> interpoint.net /work/data/web/ancicare/images news_news_and_press.gif
99.10.03 09:08 B C:\Website\MARIMBA\My Webs\IMAGES\NW Image.jpg --> interpoint.net /work/data/web/ancicare/images NW Image.jpg
99.10.03 09:08 B C:\Website\MARIMBA\My Webs\IMAGES\PAYNE.JPG --> interpoint.net /work/data/web/ancicare/images PAYNE.JPG
99.10.03 09:08 B C:\Website\MARIMBA\My Webs\IMAGES\PIXEL.GIF --> interpoint.net /work/data/web/ancicare/images PIXEL.GIF
99.10.03 09:08 B C:\Website\MARIMBA\My Webs\IMAGES\pixel_beige.gif --> interpoint.net /work/data/web/ancicare/images pixel_beige.gif
99.10.03 09:08 B C:\Website\MARIMBA\My Webs\IMAGES\products_also_see.gif --> interpoint.net /work/data/web/ancicare/images products_also_see.gif
99.10.03 09:08 B C:\Website\MARIMBA\My Webs\IMAGES\products_castanet_family.gif --> interpoint.net /work/data/web/ancicare/images products_castanet_family.gif
99.10.03 09:08 B C:\Website\MARIMBA\My Webs\IMAGES\products_evaluation.gif --> interpoint.net /work/data/web/ancicare/images products_evaluation.gif
99.10.03 09:08 B C:\Website\MARIMBA\My Webs\IMAGES\products_marimba_ap.gif --> interpoint.net /work/data/web/ancicare/images products_marimba_ap.gif
99.10.03 09:08 B C:\Website\MARIMBA\My Webs\IMAGES\Provider Manual Banner.gif --> interpoint.net /work/data/web/ancicare/images Provider Manual Banner.gif
99.10.03 09:08 B C:\Website\MARIMBA\My Webs\IMAGES\Provider Recruitment Banner.gif --> interpoint.net /work/data/web/ancicare/images Provider Recruitment Banner.gif
99.10.03 09:08 B C:\Website\MARIMBA\My Webs\IMAGES\Provider Relations Label.gif --> interpoint.net /work/data/web/ancicare/images Provider Relations Label.gif
99.10.03 09:08 B C:\Website\MARIMBA\My Webs\IMAGES\purp_back_1_company.jpg --> interpoint.net /work/data/web/ancicare/images purp_back_1_company.jpg
99.10.03 09:08 B C:\Website\MARIMBA\My Webs\IMAGES\purp_back_2.jpg --> interpoint.net /work/data/web/ancicare/images purp_back_2.jpg
99.10.03 09:08 B C:\Website\MARIMBA\My Webs\IMAGES\red_back_1_services_lt.jpg --> interpoint.net /work/data/web/ancicare/images red_back_1_services_lt.jpg
99.10.03 09:08 B C:\Website\MARIMBA\My Webs\IMAGES\red_back_2_lt.jpg --> interpoint.net /work/data/web/ancicare/images red_back_2_lt.jpg
99.10.03 09:08 B C:\Website\MARIMBA\My Webs\IMAGES\return_to_top.gif --> interpoint.net /work/data/web/ancicare/images return_to_top.gif
99.10.03 09:08 B C:\Website\MARIMBA\My Webs\IMAGES\services_services.gif --> interpoint.net /work/data/web/ancicare/images services_services.gif
99.10.03 09:08 B C:\Website\MARIMBA\My Webs\IMAGES\services_technical_resources.gif --> interpoint.net /work/data/web/ancicare/images services_technical_resources.gif
99.10.03 09:08 B C:\Website\MARIMBA\My Webs\IMAGES\SFBJ_LOGO.jpg --> interpoint.net /work/data/web/ancicare/images SFBJ_LOGO.jpg
99.10.03 09:08 B C:\Website\MARIMBA\My Webs\IMAGES\site r1.jpg --> interpoint.net /work/data/web/ancicare/images site r1.jpg
99.10.03 09:08 B C:\Website\MARIMBA\My Webs\IMAGES\solutions_nav.gif --> interpoint.net /work/data/web/ancicare/images solutions_nav.gif
99.10.03 09:08 B C:\Website\MARIMBA\My Webs\IMAGES\solutions_profile_index.gif --> interpoint.net /work/data/web/ancicare/images solutions_profile_index.gif
99.10.03 09:08 B C:\Website\MARIMBA\My Webs\IMAGES\solutions_solutions.gif --> interpoint.net /work/data/web/ancicare/images solutions_solutions.gif
99.10.03 09:08 B C:\Website\MARIMBA\My Webs\IMAGES\subpage_decoration2.jpg --> interpoint.net /work/data/web/ancicare/images subpage_decoration2.jpg
99.10.03 09:08 B C:\Website\MARIMBA\My Webs\IMAGES\techx.jpg --> interpoint.net /work/data/web/ancicare/images techx.jpg
99.10.03 09:21 B C:\Website\MARIMBA\My Webs\IMAGES\1198_flagalist.gif --> interpoint.net /work/data/web/ancicare/images_AC 1198_flagalist.gif
99.10.03 09:21 B C:\Website\MARIMBA\My Webs\IMAGES\@ancicare.gif --> interpoint.net /work/data/web/ancicare/images_AC @ancicare.gif
99.10.03 09:21 B C:\Website\MARIMBA\My Webs\IMAGES\alist98.gif --> interpoint.net /work/data/web/ancicare/images_AC alist98.gif
99.10.03 09:21 B C:\Website\MARIMBA\My Webs\IMAGES\AnciCare Network Banner.jpg --> interpoint.net /work/data/web/ancicare/images_AC AnciCare Network Banner.jpg
99.10.03 09:21 B C:\Website\MARIMBA\My Webs\IMAGES\AnciCare Network.gif --> interpoint.net /work/data/web/ancicare/images_AC AnciCare Network.gif
99.10.03 09:21 B C:\Website\MARIMBA\My Webs\IMAGES\Ancicare ppo label.gif --> interpoint.net /work/data/web/ancicare/images_AC Ancicare ppo label.gif
99.10.03 09:21 B C:\Website\MARIMBA\My Webs\IMAGES\ancicare2.jpg --> interpoint.net /work/data/web/ancicare/images_AC ancicare2.jpg
99.10.03 09:21 B C:\Website\MARIMBA\My Webs\IMAGES\AnciCare_Map_Locator.jpg --> interpoint.net /work/data/web/ancicare/images_AC AnciCare_Map_Locator.jpg
99.10.03 09:21 B C:\Website\MARIMBA\My Webs\IMAGES\ancicaredotcomheading.gif --> interpoint.net /work/data/web/ancicare/images_AC ancicaredotcomheading.gif
99.10.03 09:21 B C:\Website\MARIMBA\My Webs\IMAGES\ancicarenumber1.gif --> interpoint.net /work/data/web/ancicare/images_AC ancicarenumber1.gif
99.10.03 09:21 B C:\Website\MARIMBA\My Webs\IMAGES\AVH.JPG --> interpoint.net /work/data/web/ancicare/images_AC AVH.JPG
99.10.03 09:21 B C:\Website\MARIMBA\My Webs\IMAGES\banner w bbuster.gif --> interpoint.net /work/data/web/ancicare/images_AC banner w bbuster.gif
99.10.03 09:21 B C:\Website\MARIMBA\My Webs\IMAGES\bbeawh.gif --> interpoint.net /work/data/web/ancicare/images_AC bbeawh.gif
99.10.03 09:21 B C:\Website\MARIMBA\My Webs\IMAGES\bkgrd3.gif --> interpoint.net /work/data/web/ancicare/images_AC bkgrd3.gif
99.10.03 09:21 B C:\Website\MARIMBA\My Webs\IMAGES\bldot.gif --> interpoint.net /work/data/web/ancicare/images_AC bldot.gif
99.10.03 09:22 B C:\Website\MARIMBA\My Webs\IMAGES\blue_back_1_products.jpg --> interpoint.net /work/data/web/ancicare/images_AC blue_back_1_products.jpg
99.10.03 09:22 B C:\Website\MARIMBA\My Webs\IMAGES\blue_back_2.jpg --> interpoint.net /work/data/web/ancicare/images_AC blue_back_2.jpg
99.10.03 09:22 B C:\Website\MARIMBA\My Webs\IMAGES\brain in color.jpg --> interpoint.net /work/data/web/ancicare/images_AC brain in color.jpg
99.10.03 09:22 B C:\Website\MARIMBA\My Webs\IMAGES\brain w eyes.jpg --> interpoint.net /work/data/web/ancicare/images_AC brain w eyes.jpg
99.10.03 09:22 B C:\Website\MARIMBA\My Webs\IMAGES\brain_in_colo1r.jpg --> interpoint.net /work/data/web/ancicare/images_AC brain_in_colo1r.jpg
99.10.03 09:22 B C:\Website\MARIMBA\My Webs\IMAGES\bytelogo.gif --> interpoint.net /work/data/web/ancicare/images_AC bytelogo.gif
99.10.03 09:22 B C:\Website\MARIMBA\My Webs\IMAGES\charcoal_back_1.jpg --> interpoint.net /work/data/web/ancicare/images_AC charcoal_back_1.jpg
99.10.03 09:22 B C:\Website\MARIMBA\My Webs\IMAGES\charcoal_back_2.jpg --> interpoint.net /work/data/web/ancicare/images_AC charcoal_back_2.jpg
99.10.03 09:22 B C:\Website\MARIMBA\My Webs\IMAGES\company_also_see.gif --> interpoint.net /work/data/web/ancicare/images_AC company_also_see.gif
99.10.03 09:22 B C:\Website\MARIMBA\My Webs\IMAGES\company_company_information.gif --> interpoint.net /work/data/web/ancicare/images_AC company_company_information.gif
99.10.03 09:22 B C:\Website\MARIMBA\My Webs\IMAGES\company_contact_marimba.gif --> interpoint.net /work/data/web/ancicare/images_AC company_contact_marimba.gif
99.10.03 09:22 B C:\Website\MARIMBA\My Webs\IMAGES\company_contact_marimba2.gif --> interpoint.net /work/data/web/ancicare/images_AC company_contact_marimba2.gif
99.10.03 09:22 B C:\Website\MARIMBA\My Webs\IMAGES\Company_Nav.gif --> interpoint.net /work/data/web/ancicare/images_AC Company_Nav.gif
99.10.03 09:22 B C:\Website\MARIMBA\My Webs\IMAGES\contact ancicare.gif --> interpoint.net /work/data/web/ancicare/images_AC contact ancicare.gif
99.10.03 09:22 B C:\Website\MARIMBA\My Webs\IMAGES\Donna.jpg --> interpoint.net /work/data/web/ancicare/images_AC Donna.jpg
99.10.03 09:22 B C:\Website\MARIMBA\My Webs\IMAGES\Dot Company Nav in White.gif --> interpoint.net /work/data/web/ancicare/images_AC Dot Company Nav in White.gif
99.10.03 09:22 B C:\Website\MARIMBA\My Webs\IMAGES\Dot Company Nav in Yellow.gif --> interpoint.net /work/data/web/ancicare/images_AC Dot Company Nav in Yellow.gif
99.10.03 09:22 B C:\Website\MARIMBA\My Webs\IMAGES\Dot Network Nav in White.gif --> interpoint.net /work/data/web/ancicare/images_AC Dot Network Nav in White.gif
99.10.03 09:22 B C:\Website\MARIMBA\My Webs\IMAGES\Dot Network Nav in Yellow.gif --> interpoint.net /work/data/web/ancicare/images_AC Dot Network Nav in Yellow.gif
99.10.03 09:22 B C:\Website\MARIMBA\My Webs\IMAGES\Dot News Nav in White.gif --> interpoint.net /work/data/web/ancicare/images_AC Dot News Nav in White.gif
99.10.03 09:22 B C:\Website\MARIMBA\My Webs\IMAGES\Dot News Nav in Yellow.gif --> interpoint.net /work/data/web/ancicare/images_AC Dot News Nav in Yellow.gif
99.10.03 09:22 B C:\Website\MARIMBA\My Webs\IMAGES\Dot Services Nav in White.gif --> interpoint.net /work/data/web/ancicare/images_AC Dot Services Nav in White.gif
99.10.03 09:22 B C:\Website\MARIMBA\My Webs\IMAGES\Dot Services Nav in Yellow.gif --> interpoint.net /work/data/web/ancicare/images_AC Dot Services Nav in Yellow.gif
99.10.03 09:22 B C:\Website\MARIMBA\My Webs\IMAGES\Dot Solutions Nav in White.gif --> interpoint.net /work/data/web/ancicare/images_AC Dot Solutions Nav in White.gif
99.10.03 09:22 B C:\Website\MARIMBA\My Webs\IMAGES\Dot Solutions Nav in Yellow.gif --> interpoint.net /work/data/web/ancicare/images_AC Dot Solutions Nav in Yellow.gif
99.10.03 09:22 B C:\Website\MARIMBA\My Webs\IMAGES\FLL to Office.gif --> interpoint.net /work/data/web/ancicare/images_AC FLL to Office.gif
99.10.03 09:22 B C:\Website\MARIMBA\My Webs\IMAGES\fp_company in red.gif --> interpoint.net /work/data/web/ancicare/images_AC fp_company in red.gif
99.10.03 09:22 B C:\Website\MARIMBA\My Webs\IMAGES\fp_news in red.gif --> interpoint.net /work/data/web/ancicare/images_AC fp_news in red.gif
99.10.03 09:22 B C:\Website\MARIMBA\My Webs\IMAGES\GE_1.5.jpg --> interpoint.net /work/data/web/ancicare/images_AC GE_1.5.jpg
99.10.03 09:22 B C:\Website\MARIMBA\My Webs\IMAGES\Girl on keyboard and computer MRI.jpg --> interpoint.net /work/data/web/ancicare/images_AC Girl on keyboard and computer MRI.jpg
99.10.03 09:22 B C:\Website\MARIMBA\My Webs\IMAGES\green_back_1_news.jpg --> interpoint.net /work/data/web/ancicare/images_AC green_back_1_news.jpg
99.10.03 09:22 B C:\Website\MARIMBA\My Webs\IMAGES\green_back_1_solution.jpg --> interpoint.net /work/data/web/ancicare/images_AC green_back_1_solution.jpg
99.10.03 09:22 B C:\Website\MARIMBA\My Webs\IMAGES\green_back_2.jpg --> interpoint.net /work/data/web/ancicare/images_AC green_back_2.jpg
99.10.03 09:22 B C:\Website\MARIMBA\My Webs\IMAGES\hbtitle.gif --> interpoint.net /work/data/web/ancicare/images_AC hbtitle.gif
99.10.03 09:22 B C:\Website\MARIMBA\My Webs\IMAGES\hyper97.gif --> interpoint.net /work/data/web/ancicare/images_AC hyper97.gif
99.10.03 09:22 B C:\Website\MARIMBA\My Webs\IMAGES\JACKIE3.JPG --> interpoint.net /work/data/web/ancicare/images_AC JACKIE3.JPG
99.10.03 09:22 B C:\Website\MARIMBA\My Webs\IMAGES\jwec-logo144.gif --> interpoint.net /work/data/web/ancicare/images_AC jwec-logo144.gif
99.10.03 09:23 B C:\Website\MARIMBA\My Webs\IMAGES\KIM.JPG --> interpoint.net /work/data/web/ancicare/images_AC KIM.JPG
99.10.03 09:23 B C:\Website\MARIMBA\My Webs\IMAGES\logo-100.jpg --> interpoint.net /work/data/web/ancicare/images_AC logo-100.jpg
99.10.03 09:23 B C:\Website\MARIMBA\My Webs\IMAGES\MAP.GIF --> interpoint.net /work/data/web/ancicare/images_AC MAP.GIF
99.10.03 09:23 B C:\Website\MARIMBA\My Webs\IMAGES\marimba2.gif --> interpoint.net /work/data/web/ancicare/images_AC marimba2.gif
99.10.03 09:23 B C:\Website\MARIMBA\My Webs\IMAGES\mia to office.gif --> interpoint.net /work/data/web/ancicare/images_AC mia to office.gif
99.10.03 09:23 B C:\Website\MARIMBA\My Webs\IMAGES\Michael.jpg --> interpoint.net /work/data/web/ancicare/images_AC Michael.jpg
99.10.03 09:23 B C:\Website\MARIMBA\My Webs\IMAGES\MRI_Birthday_V1_ThumbNail.jpg --> interpoint.net /work/data/web/ancicare/images_AC MRI_Birthday_V1_ThumbNail.jpg
99.10.03 09:23 B C:\Website\MARIMBA\My Webs\IMAGES\nav_all_off.gif --> interpoint.net /work/data/web/ancicare/images_AC nav_all_off.gif
99.10.03 09:23 B C:\Website\MARIMBA\My Webs\IMAGES\NAV_NEWS.GIF --> interpoint.net /work/data/web/ancicare/images_AC NAV_NEWS.GIF
99.10.03 09:23 B C:\Website\MARIMBA\My Webs\IMAGES\nav_products.gif --> interpoint.net /work/data/web/ancicare/images_AC nav_products.gif
99.10.03 09:23 B C:\Website\MARIMBA\My Webs\IMAGES\nav_services.gif --> interpoint.net /work/data/web/ancicare/images_AC nav_services.gif
99.10.03 09:24 B C:\Website\MARIMBA\My Webs\IMAGES\Network Development Label.gif --> interpoint.net /work/data/web/ancicare/images_AC Network Development Label.gif
99.10.03 09:24 B C:\Website\MARIMBA\My Webs\IMAGES\news_also_see.gif --> interpoint.net /work/data/web/ancicare/images_AC news_also_see.gif
99.10.03 09:24 B C:\Website\MARIMBA\My Webs\IMAGES\news_news_and_press.gif --> interpoint.net /work/data/web/ancicare/images_AC news_news_and_press.gif
99.10.03 09:24 B C:\Website\MARIMBA\My Webs\IMAGES\NW Image.jpg --> interpoint.net /work/data/web/ancicare/images_AC NW Image.jpg
99.10.03 09:24 B C:\Website\MARIMBA\My Webs\IMAGES\PAYNE.JPG --> interpoint.net /work/data/web/ancicare/images_AC PAYNE.JPG
99.10.03 09:24 B C:\Website\MARIMBA\My Webs\IMAGES\PIXEL.GIF --> interpoint.net /work/data/web/ancicare/images_AC PIXEL.GIF
99.10.03 09:24 B C:\Website\MARIMBA\My Webs\IMAGES\pixel_beige.gif --> interpoint.net /work/data/web/ancicare/images_AC pixel_beige.gif
99.10.03 09:24 B C:\Website\MARIMBA\My Webs\IMAGES\products_also_see.gif --> interpoint.net /work/data/web/ancicare/images_AC products_also_see.gif
99.10.03 09:24 B C:\Website\MARIMBA\My Webs\IMAGES\products_castanet_family.gif --> interpoint.net /work/data/web/ancicare/images_AC products_castanet_family.gif
99.10.03 09:24 B C:\Website\MARIMBA\My Webs\IMAGES\products_evaluation.gif --> interpoint.net /work/data/web/ancicare/images_AC products_evaluation.gif
99.10.03 09:24 B C:\Website\MARIMBA\My Webs\IMAGES\products_marimba_ap.gif --> interpoint.net /work/data/web/ancicare/images_AC products_marimba_ap.gif
99.10.03 09:24 B C:\Website\MARIMBA\My Webs\IMAGES\Provider Manual Banner.gif --> interpoint.net /work/data/web/ancicare/images_AC Provider Manual Banner.gif
99.10.03 09:24 B C:\Website\MARIMBA\My Webs\IMAGES\Provider Recruitment Banner.gif --> interpoint.net /work/data/web/ancicare/images_AC Provider Recruitment Banner.gif
99.10.03 09:24 B C:\Website\MARIMBA\My Webs\IMAGES\Provider Relations Label.gif --> interpoint.net /work/data/web/ancicare/images_AC Provider Relations Label.gif
99.10.03 09:24 B C:\Website\MARIMBA\My Webs\IMAGES\purp_back_1_company.jpg --> interpoint.net /work/data/web/ancicare/images_AC purp_back_1_company.jpg
99.10.03 09:24 B C:\Website\MARIMBA\My Webs\IMAGES\purp_back_2.jpg --> interpoint.net /work/data/web/ancicare/images_AC purp_back_2.jpg
99.10.03 09:24 B C:\Website\MARIMBA\My Webs\IMAGES\red_back_1_services_lt.jpg --> interpoint.net /work/data/web/ancicare/images_AC red_back_1_services_lt.jpg
99.10.03 09:24 B C:\Website\MARIMBA\My Webs\IMAGES\red_back_2_lt.jpg --> interpoint.net /work/data/web/ancicare/images_AC red_back_2_lt.jpg
99.10.03 09:24 B C:\Website\MARIMBA\My Webs\IMAGES\return_to_top.gif --> interpoint.net /work/data/web/ancicare/images_AC return_to_top.gif
99.10.03 09:24 B C:\Website\MARIMBA\My Webs\IMAGES\services_services.gif --> interpoint.net /work/data/web/ancicare/images_AC services_services.gif
99.10.03 09:24 B C:\Website\MARIMBA\My Webs\IMAGES\services_technical_resources.gif --> interpoint.net /work/data/web/ancicare/images_AC services_technical_resources.gif
99.10.03 09:24 B C:\Website\MARIMBA\My Webs\IMAGES\SFBJ_LOGO.jpg --> interpoint.net /work/data/web/ancicare/images_AC SFBJ_LOGO.jpg
99.10.03 09:24 B C:\Website\MARIMBA\My Webs\IMAGES\site r1.jpg --> interpoint.net /work/data/web/ancicare/images_AC site r1.jpg
99.10.03 09:24 B C:\Website\MARIMBA\My Webs\IMAGES\solutions_nav.gif --> interpoint.net /work/data/web/ancicare/images_AC solutions_nav.gif
99.10.03 09:24 B C:\Website\MARIMBA\My Webs\IMAGES\solutions_profile_index.gif --> interpoint.net /work/data/web/ancicare/images_AC solutions_profile_index.gif
99.10.03 09:24 B C:\Website\MARIMBA\My Webs\IMAGES\solutions_solutions.gif --> interpoint.net /work/data/web/ancicare/images_AC solutions_solutions.gif
99.10.03 09:24 B C:\Website\MARIMBA\My Webs\IMAGES\subpage_decoration2.jpg --> interpoint.net /work/data/web/ancicare/images_AC subpage_decoration2.jpg
99.10.03 09:24 B C:\Website\MARIMBA\My Webs\IMAGES\techx.jpg --> interpoint.net /work/data/web/ancicare/images_AC techx.jpg
99.10.03 09:24 B C:\Website\MARIMBA\My Webs\IMAGES\WS_FTP.LOG --> interpoint.net /work/data/web/ancicare/images_AC WS_FTP.LOG
99.10.03 09:35 B C:\Website\MARIMBA\My Webs\IMAGES\1198_flagalist.gif --> interpoint.net /work/data/web/ancicare/images/IMAGES 1198_flagalist.gif
99.10.03 09:35 B C:\Website\MARIMBA\My Webs\IMAGES\@ancicare.gif --> interpoint.net /work/data/web/ancicare/images/IMAGES @ancicare.gif
99.10.03 09:35 B C:\Website\MARIMBA\My Webs\IMAGES\alist98.gif --> interpoint.net /work/data/web/ancicare/images/IMAGES alist98.gif
99.10.03 09:35 B C:\Website\MARIMBA\My Webs\IMAGES\AnciCare Network Banner.jpg --> interpoint.net /work/data/web/ancicare/images/IMAGES AnciCare Network Banner.jpg
99.10.03 09:35 B C:\Website\MARIMBA\My Webs\IMAGES\AnciCare Network.gif --> interpoint.net /work/data/web/ancicare/images/IMAGES AnciCare Network.gif
99.10.03 09:36 B C:\Website\MARIMBA\My Webs\IMAGES\Ancicare ppo label.gif --> interpoint.net /work/data/web/ancicare/images/IMAGES Ancicare ppo label.gif
99.10.03 09:36 B C:\Website\MARIMBA\My Webs\IMAGES\ancicare2.jpg --> interpoint.net /work/data/web/ancicare/images/IMAGES ancicare2.jpg
99.10.03 09:36 B C:\Website\MARIMBA\My Webs\IMAGES\AnciCare_Map_Locator.jpg --> interpoint.net /work/data/web/ancicare/images/IMAGES AnciCare_Map_Locator.jpg
99.10.03 09:36 B C:\Website\MARIMBA\My Webs\IMAGES\ancicaredotcomheading.gif --> interpoint.net /work/data/web/ancicare/images/IMAGES ancicaredotcomheading.gif
99.10.03 09:36 B C:\Website\MARIMBA\My Webs\IMAGES\ancicarenumber1.gif --> interpoint.net /work/data/web/ancicare/images/IMAGES ancicarenumber1.gif
99.10.03 09:36 B C:\Website\MARIMBA\My Webs\IMAGES\AVH.JPG --> interpoint.net /work/data/web/ancicare/images/IMAGES AVH.JPG
99.10.03 09:36 B C:\Website\MARIMBA\My Webs\IMAGES\banner w bbuster.gif --> interpoint.net /work/data/web/ancicare/images/IMAGES banner w bbuster.gif
99.10.03 09:36 B C:\Website\MARIMBA\My Webs\IMAGES\bbeawh.gif --> interpoint.net /work/data/web/ancicare/images/IMAGES bbeawh.gif
99.10.03 09:36 B C:\Website\MARIMBA\My Webs\IMAGES\bkgrd3.gif --> interpoint.net /work/data/web/ancicare/images/IMAGES bkgrd3.gif
99.10.03 09:36 B C:\Website\MARIMBA\My Webs\IMAGES\bldot.gif --> interpoint.net /work/data/web/ancicare/images/IMAGES bldot.gif
99.10.03 09:36 B C:\Website\MARIMBA\My Webs\IMAGES\blue_back_1_products.jpg --> interpoint.net /work/data/web/ancicare/images/IMAGES blue_back_1_products.jpg
99.10.03 09:36 B C:\Website\MARIMBA\My Webs\IMAGES\blue_back_2.jpg --> interpoint.net /work/data/web/ancicare/images/IMAGES blue_back_2.jpg
99.10.03 09:36 B C:\Website\MARIMBA\My Webs\IMAGES\brain in color.jpg --> interpoint.net /work/data/web/ancicare/images/IMAGES brain in color.jpg
99.10.03 09:36 B C:\Website\MARIMBA\My Webs\IMAGES\brain w eyes.jpg --> interpoint.net /work/data/web/ancicare/images/IMAGES brain w eyes.jpg
99.10.03 09:36 B C:\Website\MARIMBA\My Webs\IMAGES\brain_in_colo1r.jpg --> interpoint.net /work/data/web/ancicare/images/IMAGES brain_in_colo1r.jpg
99.10.03 09:36 B C:\Website\MARIMBA\My Webs\IMAGES\bytelogo.gif --> interpoint.net /work/data/web/ancicare/images/IMAGES bytelogo.gif
99.10.03 09:36 B C:\Website\MARIMBA\My Webs\IMAGES\charcoal_back_1.jpg --> interpoint.net /work/data/web/ancicare/images/IMAGES charcoal_back_1.jpg
99.10.03 09:36 B C:\Website\MARIMBA\My Webs\IMAGES\charcoal_back_2.jpg --> interpoint.net /work/data/web/ancicare/images/IMAGES charcoal_back_2.jpg
99.10.03 09:36 B C:\Website\MARIMBA\My Webs\IMAGES\company_also_see.gif --> interpoint.net /work/data/web/ancicare/images/IMAGES company_also_see.gif
99.10.03 09:36 B C:\Website\MARIMBA\My Webs\IMAGES\company_company_information.gif --> interpoint.net /work/data/web/ancicare/images/IMAGES company_company_information.gif
99.10.03 09:36 B C:\Website\MARIMBA\My Webs\IMAGES\company_contact_marimba.gif --> interpoint.net /work/data/web/ancicare/images/IMAGES company_contact_marimba.gif
99.10.03 09:36 B C:\Website\MARIMBA\My Webs\IMAGES\company_contact_marimba2.gif --> interpoint.net /work/data/web/ancicare/images/IMAGES company_contact_marimba2.gif
99.10.03 09:36 B C:\Website\MARIMBA\My Webs\IMAGES\Company_Nav.gif --> interpoint.net /work/data/web/ancicare/images/IMAGES Company_Nav.gif
99.10.03 09:36 B C:\Website\MARIMBA\My Webs\IMAGES\contact ancicare.gif --> interpoint.net /work/data/web/ancicare/images/IMAGES contact ancicare.gif
99.10.03 09:36 B C:\Website\MARIMBA\My Webs\IMAGES\Donna.jpg --> interpoint.net /work/data/web/ancicare/images/IMAGES Donna.jpg
99.10.03 09:36 B C:\Website\MARIMBA\My Webs\IMAGES\Dot Company Nav in White.gif --> interpoint.net /work/data/web/ancicare/images/IMAGES Dot Company Nav in White.gif
99.10.03 09:37 B C:\Website\MARIMBA\My Webs\IMAGES\Dot Company Nav in Yellow.gif --> interpoint.net /work/data/web/ancicare/images/IMAGES Dot Company Nav in Yellow.gif
99.10.03 09:37 B C:\Website\MARIMBA\My Webs\IMAGES\Dot Network Nav in White.gif --> interpoint.net /work/data/web/ancicare/images/IMAGES Dot Network Nav in White.gif
99.10.03 09:37 B C:\Website\MARIMBA\My Webs\IMAGES\Dot Network Nav in Yellow.gif --> interpoint.net /work/data/web/ancicare/images/IMAGES Dot Network Nav in Yellow.gif
99.10.03 09:37 B C:\Website\MARIMBA\My Webs\IMAGES\Dot News Nav in White.gif --> interpoint.net /work/data/web/ancicare/images/IMAGES Dot News Nav in White.gif
99.10.03 09:37 B C:\Website\MARIMBA\My Webs\IMAGES\Dot News Nav in Yellow.gif --> interpoint.net /work/data/web/ancicare/images/IMAGES Dot News Nav in Yellow.gif
99.10.03 09:37 B C:\Website\MARIMBA\My Webs\IMAGES\Dot Services Nav in White.gif --> interpoint.net /work/data/web/ancicare/images/IMAGES Dot Services Nav in White.gif
99.10.03 09:37 B C:\Website\MARIMBA\My Webs\IMAGES\Dot Services Nav in Yellow.gif --> interpoint.net /work/data/web/ancicare/images/IMAGES Dot Services Nav in Yellow.gif
99.10.03 09:37 B C:\Website\MARIMBA\My Webs\IMAGES\Dot Solutions Nav in White.gif --> interpoint.net /work/data/web/ancicare/images/IMAGES Dot Solutions Nav in White.gif
99.10.03 09:37 B C:\Website\MARIMBA\My Webs\IMAGES\Dot Solutions Nav in Yellow.gif --> interpoint.net /work/data/web/ancicare/images/IMAGES Dot Solutions Nav in Yellow.gif
99.10.03 09:37 B C:\Website\MARIMBA\My Webs\IMAGES\FLL to Office.gif --> interpoint.net /work/data/web/ancicare/images/IMAGES FLL to Office.gif
99.10.03 09:37 B C:\Website\MARIMBA\My Webs\IMAGES\fp_company in red.gif --> interpoint.net /work/data/web/ancicare/images/IMAGES fp_company in red.gif
99.10.03 09:37 B C:\Website\MARIMBA\My Webs\IMAGES\fp_news in red.gif --> interpoint.net /work/data/web/ancicare/images/IMAGES fp_news in red.gif
99.10.03 09:37 B C:\Website\MARIMBA\My Webs\IMAGES\GE_1.5.jpg --> interpoint.net /work/data/web/ancicare/images/IMAGES GE_1.5.jpg
99.10.03 09:37 B C:\Website\MARIMBA\My Webs\IMAGES\Girl on keyboard and computer MRI.jpg --> interpoint.net /work/data/web/ancicare/images/IMAGES Girl on keyboard and computer MRI.jpg
99.10.03 09:37 B C:\Website\MARIMBA\My Webs\IMAGES\green_back_1_news.jpg --> interpoint.net /work/data/web/ancicare/images/IMAGES green_back_1_news.jpg
99.10.03 09:37 B C:\Website\MARIMBA\My Webs\IMAGES\green_back_1_solution.jpg --> interpoint.net /work/data/web/ancicare/images/IMAGES green_back_1_solution.jpg
99.10.03 09:37 B C:\Website\MARIMBA\My Webs\IMAGES\green_back_2.jpg --> interpoint.net /work/data/web/ancicare/images/IMAGES green_back_2.jpg
99.10.03 09:37 B C:\Website\MARIMBA\My Webs\IMAGES\hbtitle.gif --> interpoint.net /work/data/web/ancicare/images/IMAGES hbtitle.gif
99.10.03 09:37 B C:\Website\MARIMBA\My Webs\IMAGES\hyper97.gif --> interpoint.net /work/data/web/ancicare/images/IMAGES hyper97.gif
99.10.03 09:37 B C:\Website\MARIMBA\My Webs\IMAGES\JACKIE3.JPG --> interpoint.net /work/data/web/ancicare/images/IMAGES JACKIE3.JPG
99.10.03 09:37 B C:\Website\MARIMBA\My Webs\IMAGES\jwec-logo144.gif --> interpoint.net /work/data/web/ancicare/images/IMAGES jwec-logo144.gif
99.10.03 09:37 B C:\Website\MARIMBA\My Webs\IMAGES\KIM.JPG --> interpoint.net /work/data/web/ancicare/images/IMAGES KIM.JPG
99.10.03 09:37 B C:\Website\MARIMBA\My Webs\IMAGES\logo-100.jpg --> interpoint.net /work/data/web/ancicare/images/IMAGES logo-100.jpg
99.10.03 09:38 B C:\Website\MARIMBA\My Webs\IMAGES\MAP.GIF --> interpoint.net /work/data/web/ancicare/images/IMAGES MAP.GIF
99.10.03 09:38 B C:\Website\MARIMBA\My Webs\IMAGES\marimba2.gif --> interpoint.net /work/data/web/ancicare/images/IMAGES marimba2.gif
99.10.03 09:38 B C:\Website\MARIMBA\My Webs\IMAGES\mia to office.gif --> interpoint.net /work/data/web/ancicare/images/IMAGES mia to office.gif
99.10.03 09:38 B C:\Website\MARIMBA\My Webs\IMAGES\Michael.jpg --> interpoint.net /work/data/web/ancicare/images/IMAGES Michael.jpg
99.10.03 09:38 B C:\Website\MARIMBA\My Webs\IMAGES\MRI_Birthday_V1_ThumbNail.jpg --> interpoint.net /work/data/web/ancicare/images/IMAGES MRI_Birthday_V1_ThumbNail.jpg
99.10.03 09:38 B C:\Website\MARIMBA\My Webs\IMAGES\nav_all_off.gif --> interpoint.net /work/data/web/ancicare/images/IMAGES nav_all_off.gif
99.10.03 09:38 B C:\Website\MARIMBA\My Webs\IMAGES\NAV_NEWS.GIF --> interpoint.net /work/data/web/ancicare/images/IMAGES NAV_NEWS.GIF
99.10.03 09:38 B C:\Website\MARIMBA\My Webs\IMAGES\nav_products.gif --> interpoint.net /work/data/web/ancicare/images/IMAGES nav_products.gif
99.10.03 09:38 B C:\Website\MARIMBA\My Webs\IMAGES\nav_services.gif --> interpoint.net /work/data/web/ancicare/images/IMAGES nav_services.gif
99.10.03 09:38 B C:\Website\MARIMBA\My Webs\IMAGES\Network Development Label.gif --> interpoint.net /work/data/web/ancicare/images/IMAGES Network Development Label.gif
99.10.03 09:38 B C:\Website\MARIMBA\My Webs\IMAGES\news_also_see.gif --> interpoint.net /work/data/web/ancicare/images/IMAGES news_also_see.gif
99.10.03 09:38 B C:\Website\MARIMBA\My Webs\IMAGES\news_news_and_press.gif --> interpoint.net /work/data/web/ancicare/images/IMAGES news_news_and_press.gif
99.10.03 09:38 B C:\Website\MARIMBA\My Webs\IMAGES\NW Image.jpg --> interpoint.net /work/data/web/ancicare/images/IMAGES NW Image.jpg
99.10.03 09:38 B C:\Website\MARIMBA\My Webs\IMAGES\PAYNE.JPG --> interpoint.net /work/data/web/ancicare/images/IMAGES PAYNE.JPG
99.10.03 09:38 B C:\Website\MARIMBA\My Webs\IMAGES\PIXEL.GIF --> interpoint.net /work/data/web/ancicare/images/IMAGES PIXEL.GIF
99.10.03 09:38 B C:\Website\MARIMBA\My Webs\IMAGES\pixel_beige.gif --> interpoint.net /work/data/web/ancicare/images/IMAGES pixel_beige.gif
99.10.03 09:38 B C:\Website\MARIMBA\My Webs\IMAGES\products_also_see.gif --> interpoint.net /work/data/web/ancicare/images/IMAGES products_also_see.gif
99.10.03 09:38 B C:\Website\MARIMBA\My Webs\IMAGES\products_castanet_family.gif --> interpoint.net /work/data/web/ancicare/images/IMAGES products_castanet_family.gif
99.10.03 09:38 B C:\Website\MARIMBA\My Webs\IMAGES\products_evaluation.gif --> interpoint.net /work/data/web/ancicare/images/IMAGES products_evaluation.gif
99.10.03 09:38 B C:\Website\MARIMBA\My Webs\IMAGES\products_marimba_ap.gif --> interpoint.net /work/data/web/ancicare/images/IMAGES products_marimba_ap.gif
99.10.03 09:38 B C:\Website\MARIMBA\My Webs\IMAGES\Provider Manual Banner.gif --> interpoint.net /work/data/web/ancicare/images/IMAGES Provider Manual Banner.gif
99.10.03 09:38 B C:\Website\MARIMBA\My Webs\IMAGES\Provider Recruitment Banner.gif --> interpoint.net /work/data/web/ancicare/images/IMAGES Provider Recruitment Banner.gif
99.10.03 09:38 B C:\Website\MARIMBA\My Webs\IMAGES\Provider Relations Label.gif --> interpoint.net /work/data/web/ancicare/images/IMAGES Provider Relations Label.gif
99.10.03 09:38 B C:\Website\MARIMBA\My Webs\IMAGES\purp_back_1_company.jpg --> interpoint.net /work/data/web/ancicare/images/IMAGES purp_back_1_company.jpg
99.10.03 09:38 B C:\Website\MARIMBA\My Webs\IMAGES\purp_back_2.jpg --> interpoint.net /work/data/web/ancicare/images/IMAGES purp_back_2.jpg
99.10.03 09:38 B C:\Website\MARIMBA\My Webs\IMAGES\red_back_1_services_lt.jpg --> interpoint.net /work/data/web/ancicare/images/IMAGES red_back_1_services_lt.jpg
99.10.03 09:39 B C:\Website\MARIMBA\My Webs\IMAGES\red_back_2_lt.jpg --> interpoint.net /work/data/web/ancicare/images/IMAGES red_back_2_lt.jpg
99.10.03 09:39 B C:\Website\MARIMBA\My Webs\IMAGES\return_to_top.gif --> interpoint.net /work/data/web/ancicare/images/IMAGES return_to_top.gif
99.10.03 09:39 B C:\Website\MARIMBA\My Webs\IMAGES\services_services.gif --> interpoint.net /work/data/web/ancicare/images/IMAGES services_services.gif
99.10.03 09:39 B C:\Website\MARIMBA\My Webs\IMAGES\services_technical_resources.gif --> interpoint.net /work/data/web/ancicare/images/IMAGES services_technical_resources.gif
99.10.03 09:39 B C:\Website\MARIMBA\My Webs\IMAGES\SFBJ_LOGO.jpg --> interpoint.net /work/data/web/ancicare/images/IMAGES SFBJ_LOGO.jpg
99.10.03 09:39 B C:\Website\MARIMBA\My Webs\IMAGES\site r1.jpg --> interpoint.net /work/data/web/ancicare/images/IMAGES site r1.jpg
99.10.03 09:39 B C:\Website\MARIMBA\My Webs\IMAGES\solutions_nav.gif --> interpoint.net /work/data/web/ancicare/images/IMAGES solutions_nav.gif
99.10.03 09:39 B C:\Website\MARIMBA\My Webs\IMAGES\solutions_profile_index.gif --> interpoint.net /work/data/web/ancicare/images/IMAGES solutions_profile_index.gif
99.10.03 09:39 B C:\Website\MARIMBA\My Webs\IMAGES\solutions_solutions.gif --> interpoint.net /work/data/web/ancicare/images/IMAGES solutions_solutions.gif
99.10.03 09:39 B C:\Website\MARIMBA\My Webs\IMAGES\subpage_decoration2.jpg --> interpoint.net /work/data/web/ancicare/images/IMAGES subpage_decoration2.jpg
99.10.03 09:39 B C:\Website\MARIMBA\My Webs\IMAGES\techx.jpg --> interpoint.net /work/data/web/ancicare/images/IMAGES techx.jpg
99.10.03 09:39 B C:\Website\MARIMBA\My Webs\IMAGES\WS_FTP.LOG --> interpoint.net /work/data/web/ancicare/images/IMAGES WS_FTP.LOG
