99.10.04 17:37 B C:\Website\MARIMBA\My Webs\animate.js --> interpoint.net /work/data/web/ancicare animate.js
99.10.04 17:37 B C:\Website\MARIMBA\My Webs\articles.html --> interpoint.net /work/data/web/ancicare articles.html
99.10.04 17:37 B C:\Website\MARIMBA\My Webs\autmcsol.html --> interpoint.net /work/data/web/ancicare autmcsol.html
99.10.04 17:37 B C:\Website\MARIMBA\My Webs\awards.html --> interpoint.net /work/data/web/ancicare awards.html
99.10.04 17:37 B C:\Website\MARIMBA\My Webs\billrev.html --> interpoint.net /work/data/web/ancicare billrev.html
99.10.04 17:37 B C:\Website\MARIMBA\My Webs\casecood.html --> interpoint.net /work/data/web/ancicare casecood.html
99.10.04 17:37 B C:\Website\MARIMBA\My Webs\client.html --> interpoint.net /work/data/web/ancicare client.html
99.10.04 17:38 B C:\Website\MARIMBA\My Webs\clientfs.html --> interpoint.net /work/data/web/ancicare clientfs.html
99.10.04 17:38 B C:\Website\MARIMBA\My Webs\clientpf.html --> interpoint.net /work/data/web/ancicare clientpf.html
99.10.04 17:38 B C:\Website\MARIMBA\My Webs\company.html --> interpoint.net /work/data/web/ancicare company.html
99.10.04 17:38 B C:\Website\MARIMBA\My Webs\contact.html --> interpoint.net /work/data/web/ancicare contact.html
99.10.04 17:38 B C:\Website\MARIMBA\My Webs\directio.html --> interpoint.net /work/data/web/ancicare directio.html
99.10.04 17:38 B C:\Website\MARIMBA\My Webs\employme.html --> interpoint.net /work/data/web/ancicare employme.html
99.10.04 17:38 B C:\Website\MARIMBA\My Webs\events.html --> interpoint.net /work/data/web/ancicare events.html
99.10.04 17:38 B C:\Website\MARIMBA\My Webs\faqs.html --> interpoint.net /work/data/web/ancicare faqs.html
99.10.04 17:38 B C:\Website\MARIMBA\My Webs\guarante.html --> interpoint.net /work/data/web/ancicare guarante.html
99.10.04 17:38 B C:\Website\MARIMBA\My Webs\hispbl.html --> interpoint.net /work/data/web/ancicare hispbl.html
99.10.04 17:38 B C:\Website\MARIMBA\My Webs\index.html --> interpoint.net /work/data/web/ancicare index.html
99.10.04 17:38 B C:\Website\MARIMBA\My Webs\legal.html --> interpoint.net /work/data/web/ancicare legal.html
99.10.04 17:38 B C:\Website\MARIMBA\My Webs\location.html --> interpoint.net /work/data/web/ancicare location.html
99.10.04 17:39 B C:\Website\MARIMBA\My Webs\manageme.html --> interpoint.net /work/data/web/ancicare manageme.html
99.10.04 17:39 B C:\Website\MARIMBA\My Webs\minover.html --> interpoint.net /work/data/web/ancicare minover.html
99.10.04 17:39 B C:\Website\MARIMBA\My Webs\mis.html --> interpoint.net /work/data/web/ancicare mis.html
99.10.04 17:39 B C:\Website\MARIMBA\My Webs\news.html --> interpoint.net /work/data/web/ancicare news.html
99.10.04 17:39 B C:\Website\MARIMBA\My Webs\nwbenefi.html --> interpoint.net /work/data/web/ancicare nwbenefi.html
99.10.04 17:39 B C:\Website\MARIMBA\My Webs\nwimag.html --> interpoint.net /work/data/web/ancicare nwimag.html
99.10.04 17:39 B C:\Website\MARIMBA\My Webs\nwparwac.html --> interpoint.net /work/data/web/ancicare nwparwac.html
99.10.04 17:39 B C:\Website\MARIMBA\My Webs\nwprfaq.html --> interpoint.net /work/data/web/ancicare nwprfaq.html
99.10.04 17:39 B C:\Website\MARIMBA\My Webs\nwstrpar.html --> interpoint.net /work/data/web/ancicare nwstrpar.html
99.10.04 17:39 B C:\Website\MARIMBA\My Webs\overview.html --> interpoint.net /work/data/web/ancicare overview.html
99.10.04 17:39 B C:\Website\MARIMBA\My Webs\pcs.html --> interpoint.net /work/data/web/ancicare pcs.html
99.10.04 17:39 B C:\Website\MARIMBA\My Webs\perfrep.html --> interpoint.net /work/data/web/ancicare perfrep.html
99.10.04 17:39 B C:\Website\MARIMBA\My Webs\press.html --> interpoint.net /work/data/web/ancicare press.html
99.10.04 17:39 B C:\Website\MARIMBA\My Webs\qimprov.html --> interpoint.net /work/data/web/ancicare qimprov.html
99.10.04 17:39 B C:\Website\MARIMBA\My Webs\qualific.html --> interpoint.net /work/data/web/ancicare qualific.html
99.10.04 17:39 B C:\Website\MARIMBA\My Webs\relacstr.html --> interpoint.net /work/data/web/ancicare relacstr.html
99.10.04 17:39 B C:\Website\MARIMBA\My Webs\releases.html --> interpoint.net /work/data/web/ancicare releases.html
99.10.04 17:40 B C:\Website\MARIMBA\My Webs\relhisbu.html --> interpoint.net /work/data/web/ancicare relhisbu.html
99.10.04 17:40 B C:\Website\MARIMBA\My Webs\relsfbj.html --> interpoint.net /work/data/web/ancicare relsfbj.html
99.10.04 17:40 B C:\Website\MARIMBA\My Webs\services.html --> interpoint.net /work/data/web/ancicare services.html
99.10.04 17:40 B C:\Website\MARIMBA\My Webs\sitemap.html --> interpoint.net /work/data/web/ancicare sitemap.html
99.10.04 17:40 B C:\Website\MARIMBA\My Webs\solution.html --> interpoint.net /work/data/web/ancicare solution.html
99.10.04 17:40 B C:\Website\MARIMBA\My Webs\sos.html --> interpoint.net /work/data/web/ancicare sos.html
99.10.04 23:05 B C:\Website\MARIMBA\My Webs\animate.js --> interpoint.net /work/data/web/ancicare animate.js
99.10.04 23:05 B C:\Website\MARIMBA\My Webs\articles.html --> interpoint.net /work/data/web/ancicare articles.html
99.10.04 23:05 B C:\Website\MARIMBA\My Webs\autmcsol.html --> interpoint.net /work/data/web/ancicare autmcsol.html
99.10.04 23:05 B C:\Website\MARIMBA\My Webs\awards.html --> interpoint.net /work/data/web/ancicare awards.html
99.10.04 23:05 B C:\Website\MARIMBA\My Webs\billrev.html --> interpoint.net /work/data/web/ancicare billrev.html
99.10.04 23:05 B C:\Website\MARIMBA\My Webs\casecood.html --> interpoint.net /work/data/web/ancicare casecood.html
99.10.04 23:06 B C:\Website\MARIMBA\My Webs\client.html --> interpoint.net /work/data/web/ancicare client.html
99.10.04 23:06 B C:\Website\MARIMBA\My Webs\clientfs.html --> interpoint.net /work/data/web/ancicare clientfs.html
99.10.04 23:06 B C:\Website\MARIMBA\My Webs\clientpf.html --> interpoint.net /work/data/web/ancicare clientpf.html
99.10.04 23:06 B C:\Website\MARIMBA\My Webs\company.html --> interpoint.net /work/data/web/ancicare company.html
99.10.04 23:06 B C:\Website\MARIMBA\My Webs\contact.html --> interpoint.net /work/data/web/ancicare contact.html
99.10.04 23:06 B C:\Website\MARIMBA\My Webs\directio.html --> interpoint.net /work/data/web/ancicare directio.html
99.10.04 23:06 B C:\Website\MARIMBA\My Webs\employme.html --> interpoint.net /work/data/web/ancicare employme.html
99.10.04 23:06 B C:\Website\MARIMBA\My Webs\events.html --> interpoint.net /work/data/web/ancicare events.html
99.10.04 23:06 B C:\Website\MARIMBA\My Webs\faqs.html --> interpoint.net /work/data/web/ancicare faqs.html
99.10.04 23:06 B C:\Website\MARIMBA\My Webs\guarante.html --> interpoint.net /work/data/web/ancicare guarante.html
99.10.04 23:06 B C:\Website\MARIMBA\My Webs\hispbl.html --> interpoint.net /work/data/web/ancicare hispbl.html
99.10.04 23:07 B C:\Website\MARIMBA\My Webs\index.html --> interpoint.net /work/data/web/ancicare index.html
99.10.04 23:07 B C:\Website\MARIMBA\My Webs\legal.html --> interpoint.net /work/data/web/ancicare legal.html
99.10.04 23:07 B C:\Website\MARIMBA\My Webs\location.html --> interpoint.net /work/data/web/ancicare location.html
99.10.04 23:07 B C:\Website\MARIMBA\My Webs\manageme.html --> interpoint.net /work/data/web/ancicare manageme.html
99.10.04 23:07 B C:\Website\MARIMBA\My Webs\minover.html --> interpoint.net /work/data/web/ancicare minover.html
99.10.04 23:07 B C:\Website\MARIMBA\My Webs\mis.html --> interpoint.net /work/data/web/ancicare mis.html
99.10.04 23:07 B C:\Website\MARIMBA\My Webs\news.html --> interpoint.net /work/data/web/ancicare news.html
99.10.04 23:07 B C:\Website\MARIMBA\My Webs\nwbenefi.html --> interpoint.net /work/data/web/ancicare nwbenefi.html
99.10.04 23:07 B C:\Website\MARIMBA\My Webs\nwimag.html --> interpoint.net /work/data/web/ancicare nwimag.html
99.10.04 23:07 B C:\Website\MARIMBA\My Webs\nwparwac.html --> interpoint.net /work/data/web/ancicare nwparwac.html
99.10.04 23:07 B C:\Website\MARIMBA\My Webs\nwprfaq.html --> interpoint.net /work/data/web/ancicare nwprfaq.html
99.10.04 23:07 B C:\Website\MARIMBA\My Webs\nwstrpar.html --> interpoint.net /work/data/web/ancicare nwstrpar.html
99.10.04 23:07 B C:\Website\MARIMBA\My Webs\overview.html --> interpoint.net /work/data/web/ancicare overview.html
99.10.04 23:07 B C:\Website\MARIMBA\My Webs\pcs.html --> interpoint.net /work/data/web/ancicare pcs.html
99.10.04 23:07 B C:\Website\MARIMBA\My Webs\perfrep.html --> interpoint.net /work/data/web/ancicare perfrep.html
99.10.04 23:07 B C:\Website\MARIMBA\My Webs\press.html --> interpoint.net /work/data/web/ancicare press.html
99.10.04 23:08 B C:\Website\MARIMBA\My Webs\qimprov.html --> interpoint.net /work/data/web/ancicare qimprov.html
99.10.04 23:08 B C:\Website\MARIMBA\My Webs\qualific.html --> interpoint.net /work/data/web/ancicare qualific.html
99.10.04 23:08 B C:\Website\MARIMBA\My Webs\relacstr.html --> interpoint.net /work/data/web/ancicare relacstr.html
99.10.04 23:08 B C:\Website\MARIMBA\My Webs\releases.html --> interpoint.net /work/data/web/ancicare releases.html
99.10.04 23:08 B C:\Website\MARIMBA\My Webs\relhisbu.html --> interpoint.net /work/data/web/ancicare relhisbu.html
99.10.04 23:08 B C:\Website\MARIMBA\My Webs\relsfbj.html --> interpoint.net /work/data/web/ancicare relsfbj.html
99.10.04 23:08 B C:\Website\MARIMBA\My Webs\services.html --> interpoint.net /work/data/web/ancicare services.html
99.10.04 23:08 B C:\Website\MARIMBA\My Webs\sitemap.html --> interpoint.net /work/data/web/ancicare sitemap.html
99.10.04 23:08 B C:\Website\MARIMBA\My Webs\solution.html --> interpoint.net /work/data/web/ancicare solution.html
99.10.04 23:08 B C:\Website\MARIMBA\My Webs\sos.html --> interpoint.net /work/data/web/ancicare sos.html
99.10.04 23:55 B C:\Website\MARIMBA\My Webs\animate.js --> interpoint.net /work/data/web/ancicare animate.js
99.10.04 23:55 B C:\Website\MARIMBA\My Webs\articles.html --> interpoint.net /work/data/web/ancicare articles.html
99.10.04 23:55 B C:\Website\MARIMBA\My Webs\autmcsol.html --> interpoint.net /work/data/web/ancicare autmcsol.html
99.10.04 23:55 B C:\Website\MARIMBA\My Webs\awards.html --> interpoint.net /work/data/web/ancicare awards.html
99.10.04 23:55 B C:\Website\MARIMBA\My Webs\billrev.html --> interpoint.net /work/data/web/ancicare billrev.html
99.10.04 23:55 B C:\Website\MARIMBA\My Webs\casecood.html --> interpoint.net /work/data/web/ancicare casecood.html
99.10.04 23:55 B C:\Website\MARIMBA\My Webs\client.html --> interpoint.net /work/data/web/ancicare client.html
99.10.04 23:55 B C:\Website\MARIMBA\My Webs\clientfs.html --> interpoint.net /work/data/web/ancicare clientfs.html
99.10.04 23:55 B C:\Website\MARIMBA\My Webs\clientpf.html --> interpoint.net /work/data/web/ancicare clientpf.html
99.10.04 23:56 B C:\Website\MARIMBA\My Webs\company.html --> interpoint.net /work/data/web/ancicare company.html
99.10.04 23:56 B C:\Website\MARIMBA\My Webs\contact.html --> interpoint.net /work/data/web/ancicare contact.html
99.10.04 23:56 B C:\Website\MARIMBA\My Webs\directio.html --> interpoint.net /work/data/web/ancicare directio.html
99.10.04 23:56 B C:\Website\MARIMBA\My Webs\employme.html --> interpoint.net /work/data/web/ancicare employme.html
99.10.04 23:56 B C:\Website\MARIMBA\My Webs\events.html --> interpoint.net /work/data/web/ancicare events.html
99.10.04 23:56 B C:\Website\MARIMBA\My Webs\faqs.html --> interpoint.net /work/data/web/ancicare faqs.html
99.10.04 23:56 B C:\Website\MARIMBA\My Webs\guarante.html --> interpoint.net /work/data/web/ancicare guarante.html
99.10.04 23:56 B C:\Website\MARIMBA\My Webs\hispbl.html --> interpoint.net /work/data/web/ancicare hispbl.html
99.10.04 23:56 B C:\Website\MARIMBA\My Webs\index.html --> interpoint.net /work/data/web/ancicare index.html
99.10.04 23:56 B C:\Website\MARIMBA\My Webs\legal.html --> interpoint.net /work/data/web/ancicare legal.html
99.10.04 23:56 B C:\Website\MARIMBA\My Webs\location.html --> interpoint.net /work/data/web/ancicare location.html
99.10.04 23:56 B C:\Website\MARIMBA\My Webs\manageme.html --> interpoint.net /work/data/web/ancicare manageme.html
99.10.04 23:56 B C:\Website\MARIMBA\My Webs\minover.html --> interpoint.net /work/data/web/ancicare minover.html
99.10.04 23:56 B C:\Website\MARIMBA\My Webs\mis.html --> interpoint.net /work/data/web/ancicare mis.html
99.10.04 23:56 B C:\Website\MARIMBA\My Webs\news.html --> interpoint.net /work/data/web/ancicare news.html
99.10.04 23:56 B C:\Website\MARIMBA\My Webs\nwbenefi.html --> interpoint.net /work/data/web/ancicare nwbenefi.html
99.10.04 23:57 B C:\Website\MARIMBA\My Webs\nwimag.html --> interpoint.net /work/data/web/ancicare nwimag.html
99.10.04 23:57 B C:\Website\MARIMBA\My Webs\nwparwac.html --> interpoint.net /work/data/web/ancicare nwparwac.html
99.10.04 23:57 B C:\Website\MARIMBA\My Webs\nwprfaq.html --> interpoint.net /work/data/web/ancicare nwprfaq.html
99.10.04 23:57 B C:\Website\MARIMBA\My Webs\nwstrpar.html --> interpoint.net /work/data/web/ancicare nwstrpar.html
99.10.04 23:57 B C:\Website\MARIMBA\My Webs\overview.html --> interpoint.net /work/data/web/ancicare overview.html
99.10.04 23:57 B C:\Website\MARIMBA\My Webs\pcs.html --> interpoint.net /work/data/web/ancicare pcs.html
99.10.04 23:57 B C:\Website\MARIMBA\My Webs\perfrep.html --> interpoint.net /work/data/web/ancicare perfrep.html
99.10.04 23:57 B C:\Website\MARIMBA\My Webs\press.html --> interpoint.net /work/data/web/ancicare press.html
99.10.04 23:57 B C:\Website\MARIMBA\My Webs\qimprov.html --> interpoint.net /work/data/web/ancicare qimprov.html
99.10.04 23:57 B C:\Website\MARIMBA\My Webs\qualific.html --> interpoint.net /work/data/web/ancicare qualific.html
99.10.04 23:57 B C:\Website\MARIMBA\My Webs\relacstr.html --> interpoint.net /work/data/web/ancicare relacstr.html
99.10.04 23:57 B C:\Website\MARIMBA\My Webs\releases.html --> interpoint.net /work/data/web/ancicare releases.html
99.10.04 23:57 B C:\Website\MARIMBA\My Webs\relhisbu.html --> interpoint.net /work/data/web/ancicare relhisbu.html
99.10.04 23:57 B C:\Website\MARIMBA\My Webs\relsfbj.html --> interpoint.net /work/data/web/ancicare relsfbj.html
99.10.04 23:57 B C:\Website\MARIMBA\My Webs\services.html --> interpoint.net /work/data/web/ancicare services.html
99.10.04 23:57 B C:\Website\MARIMBA\My Webs\sitemap.html --> interpoint.net /work/data/web/ancicare sitemap.html
99.10.04 23:57 B C:\Website\MARIMBA\My Webs\solution.html --> interpoint.net /work/data/web/ancicare solution.html
99.10.04 23:58 B C:\Website\MARIMBA\My Webs\sos.html --> interpoint.net /work/data/web/ancicare sos.html
99.10.05 00:06 B C:\Website\MARIMBA\My Webs\manageme.html --> interpoint.net /work/data/web/ancicare manageme.html
99.10.05 00:19 B C:\Website\MARIMBA\My Webs\employme.html --> interpoint.net /work/data/web/ancicare/IMAGES employme.html
99.10.05 00:19 B C:\Website\MARIMBA\My Webs\contact.html --> interpoint.net /work/data/web/ancicare/IMAGES contact.html
99.10.05 00:20 B C:\Website\MARIMBA\My Webs\contact.html --> interpoint.net /work/data/web/ancicare contact.html
99.10.05 00:20 B C:\Website\MARIMBA\My Webs\employme.html --> interpoint.net /work/data/web/ancicare employme.html
99.10.05 08:42 B C:\Website\MARIMBA\My Webs\index.html --> interpoint.net /work/data/web/ancicare index.html
99.10.05 09:03 B C:\Website\MARIMBA\My Webs\news.html --> interpoint.net /work/data/web/ancicare news.html
99.10.05 09:26 B C:\Website\MARIMBA\My Webs\clientpf.html --> interpoint.net /work/data/web/ancicare clientpf.html
99.10.13 17:57 B C:\Website\MARIMBA\My Webs\index.html --> interpoint.net /work/data/web/ancicare index.html
99.10.13 17:57 B C:\Website\MARIMBA\My Webs\location.html --> interpoint.net /work/data/web/ancicare location.html
99.10.13 18:01 B C:\Website\MARIMBA\My Webs\index.html --> interpoint.net /work/data/web/ancicare index.html
99.10.13 18:03 B C:\Website\MARIMBA\My Webs\index.html --> interpoint.net /work/data/web/ancicare index.html
99.10.13 18:08 B C:\Website\MARIMBA\My Webs\nwstrpar.html --> interpoint.net /work/data/web/ancicare nwstrpar.html
