99.10.04 17:41 B C:\Website\MARIMBA\My Webs\IMAGES\@ac.gif --> interpoint.net /work/data/web/ancicare/images @ac.gif
99.10.04 17:41 B C:\Website\MARIMBA\My Webs\IMAGES\acdotcom.gif --> interpoint.net /work/data/web/ancicare/images acdotcom.gif
99.10.04 17:41 B C:\Website\MARIMBA\My Webs\IMAGES\aclogobb.gif --> interpoint.net /work/data/web/ancicare/images aclogobb.gif
99.10.04 17:41 B C:\Website\MARIMBA\My Webs\IMAGES\acmaploc.jpg --> interpoint.net /work/data/web/ancicare/images acmaploc.jpg
99.10.04 17:41 B C:\Website\MARIMBA\My Webs\IMAGES\acnetwk.gif --> interpoint.net /work/data/web/ancicare/images acnetwk.gif
99.10.04 17:41 B C:\Website\MARIMBA\My Webs\IMAGES\acnum1.gif --> interpoint.net /work/data/web/ancicare/images acnum1.gif
99.10.04 17:41 B C:\Website\MARIMBA\My Webs\IMAGES\acppolab.gif --> interpoint.net /work/data/web/ancicare/images acppolab.gif
99.10.04 17:41 B C:\Website\MARIMBA\My Webs\IMAGES\acprof.jpg --> interpoint.net /work/data/web/ancicare/images acprof.jpg
99.10.04 17:41 B C:\Website\MARIMBA\My Webs\IMAGES\animate.js --> interpoint.net /work/data/web/ancicare/images animate.js
99.10.04 17:41 B C:\Website\MARIMBA\My Webs\IMAGES\bb1prod.jpg --> interpoint.net /work/data/web/ancicare/images bb1prod.jpg
99.10.04 17:41 B C:\Website\MARIMBA\My Webs\IMAGES\bb2.jpg --> interpoint.net /work/data/web/ancicare/images bb2.jpg
99.10.04 17:41 B C:\Website\MARIMBA\My Webs\IMAGES\bkgrd3.gif --> interpoint.net /work/data/web/ancicare/images bkgrd3.gif
99.10.04 17:41 B C:\Website\MARIMBA\My Webs\IMAGES\bkgrd3a.gif --> interpoint.net /work/data/web/ancicare/images bkgrd3a.gif
99.10.04 17:41 B C:\Website\MARIMBA\My Webs\IMAGES\bldot.gif --> interpoint.net /work/data/web/ancicare/images bldot.gif
99.10.04 17:42 B C:\Website\MARIMBA\My Webs\IMAGES\casmall.jpg --> interpoint.net /work/data/web/ancicare/images casmall.jpg
99.10.04 17:42 B C:\Website\MARIMBA\My Webs\IMAGES\ccanci.gif --> interpoint.net /work/data/web/ancicare/images ccanci.gif
99.10.04 17:42 B C:\Website\MARIMBA\My Webs\IMAGES\chabkg2a.jpg --> interpoint.net /work/data/web/ancicare/images chabkg2a.jpg
99.10.04 17:42 B C:\Website\MARIMBA\My Webs\IMAGES\charbkg1.jpg --> interpoint.net /work/data/web/ancicare/images charbkg1.jpg
99.10.04 17:42 B C:\Website\MARIMBA\My Webs\IMAGES\charbkg2.jpg --> interpoint.net /work/data/web/ancicare/images charbkg2.jpg
99.10.04 17:42 B C:\Website\MARIMBA\My Webs\IMAGES\charbkga.jpg --> interpoint.net /work/data/web/ancicare/images charbkga.jpg
99.10.04 17:42 B C:\Website\MARIMBA\My Webs\IMAGES\coalsose.gif --> interpoint.net /work/data/web/ancicare/images coalsose.gif
99.10.04 17:42 B C:\Website\MARIMBA\My Webs\IMAGES\coinfo.gif --> interpoint.net /work/data/web/ancicare/images coinfo.gif
99.10.04 17:42 B C:\Website\MARIMBA\My Webs\IMAGES\conav.gif --> interpoint.net /work/data/web/ancicare/images conav.gif
99.10.04 17:42 B C:\Website\MARIMBA\My Webs\IMAGES\contctac.gif --> interpoint.net /work/data/web/ancicare/images contctac.gif
99.10.04 17:42 B C:\Website\MARIMBA\My Webs\IMAGES\cshcomg9.jpg --> interpoint.net /work/data/web/ancicare/images cshcomg9.jpg
99.10.04 17:42 B C:\Website\MARIMBA\My Webs\IMAGES\dcniw.gif --> interpoint.net /work/data/web/ancicare/images dcniw.gif
99.10.04 17:42 B C:\Website\MARIMBA\My Webs\IMAGES\dcniy.gif --> interpoint.net /work/data/web/ancicare/images dcniy.gif
99.10.04 17:42 B C:\Website\MARIMBA\My Webs\IMAGES\dnewsniw.gif --> interpoint.net /work/data/web/ancicare/images dnewsniw.gif
99.10.04 17:42 B C:\Website\MARIMBA\My Webs\IMAGES\dnewsniy.gif --> interpoint.net /work/data/web/ancicare/images dnewsniy.gif
99.10.04 17:42 B C:\Website\MARIMBA\My Webs\IMAGES\dnniw.gif --> interpoint.net /work/data/web/ancicare/images dnniw.gif
99.10.04 17:42 B C:\Website\MARIMBA\My Webs\IMAGES\dnniy.gif --> interpoint.net /work/data/web/ancicare/images dnniy.gif
99.10.04 17:42 B C:\Website\MARIMBA\My Webs\IMAGES\dotusagl.jpg --> interpoint.net /work/data/web/ancicare/images dotusagl.jpg
99.10.04 17:42 B C:\Website\MARIMBA\My Webs\IMAGES\dsniw.gif --> interpoint.net /work/data/web/ancicare/images dsniw.gif
99.10.04 17:42 B C:\Website\MARIMBA\My Webs\IMAGES\dsniy.gif --> interpoint.net /work/data/web/ancicare/images dsniy.gif
99.10.04 17:42 B C:\Website\MARIMBA\My Webs\IMAGES\dsolniw.gif --> interpoint.net /work/data/web/ancicare/images dsolniw.gif
99.10.04 17:42 B C:\Website\MARIMBA\My Webs\IMAGES\dsolniy.gif --> interpoint.net /work/data/web/ancicare/images dsolniy.gif
99.10.04 17:42 B C:\Website\MARIMBA\My Webs\IMAGES\flltoffi.gif --> interpoint.net /work/data/web/ancicare/images flltoffi.gif
99.10.04 17:42 B C:\Website\MARIMBA\My Webs\IMAGES\gb1anews.jpg --> interpoint.net /work/data/web/ancicare/images gb1anews.jpg
99.10.04 17:42 B C:\Website\MARIMBA\My Webs\IMAGES\gb1news.jpg --> interpoint.net /work/data/web/ancicare/images gb1news.jpg
99.10.04 17:42 B C:\Website\MARIMBA\My Webs\IMAGES\gb1solut.jpg --> interpoint.net /work/data/web/ancicare/images gb1solut.jpg
99.10.04 17:42 B C:\Website\MARIMBA\My Webs\IMAGES\gb2.jpg --> interpoint.net /work/data/web/ancicare/images gb2.jpg
99.10.04 17:42 B C:\Website\MARIMBA\My Webs\IMAGES\gb2a.jpg --> interpoint.net /work/data/web/ancicare/images gb2a.jpg
99.10.04 17:42 B C:\Website\MARIMBA\My Webs\IMAGES\ge15.jpg --> interpoint.net /work/data/web/ancicare/images ge15.jpg
99.10.04 17:43 B C:\Website\MARIMBA\My Webs\IMAGES\goyel.gif --> interpoint.net /work/data/web/ancicare/images goyel.gif
99.10.04 17:43 B C:\Website\MARIMBA\My Webs\IMAGES\hbtitle.gif --> interpoint.net /work/data/web/ancicare/images hbtitle.gif
99.10.04 17:43 B C:\Website\MARIMBA\My Webs\IMAGES\miaoffic.gif --> interpoint.net /work/data/web/ancicare/images miaoffic.gif
99.10.04 17:43 B C:\Website\MARIMBA\My Webs\IMAGES\Michael.jpg --> interpoint.net /work/data/web/ancicare/images Michael.jpg
99.10.04 17:43 B C:\Website\MARIMBA\My Webs\IMAGES\mribirth.jpg --> interpoint.net /work/data/web/ancicare/images mribirth.jpg
99.10.04 17:43 B C:\Website\MARIMBA\My Webs\IMAGES\mripatiu.jpg --> interpoint.net /work/data/web/ancicare/images mripatiu.jpg
99.10.04 17:43 B C:\Website\MARIMBA\My Webs\IMAGES\mriunit.jpg --> interpoint.net /work/data/web/ancicare/images mriunit.jpg
99.10.04 17:43 B C:\Website\MARIMBA\My Webs\IMAGES\navallof.gif --> interpoint.net /work/data/web/ancicare/images navallof.gif
99.10.04 17:43 B C:\Website\MARIMBA\My Webs\IMAGES\navnews.gif --> interpoint.net /work/data/web/ancicare/images navnews.gif
99.10.04 17:43 B C:\Website\MARIMBA\My Webs\IMAGES\navprod.gif --> interpoint.net /work/data/web/ancicare/images navprod.gif
99.10.04 17:43 B C:\Website\MARIMBA\My Webs\IMAGES\navserv.gif --> interpoint.net /work/data/web/ancicare/images navserv.gif
99.10.04 17:43 B C:\Website\MARIMBA\My Webs\IMAGES\netdevla.gif --> interpoint.net /work/data/web/ancicare/images netdevla.gif
99.10.04 17:43 B C:\Website\MARIMBA\My Webs\IMAGES\newalsoa.gif --> interpoint.net /work/data/web/ancicare/images newalsoa.gif
99.10.04 17:43 B C:\Website\MARIMBA\My Webs\IMAGES\newsalso.gif --> interpoint.net /work/data/web/ancicare/images newsalso.gif
99.10.04 17:43 B C:\Website\MARIMBA\My Webs\IMAGES\newspr.gif --> interpoint.net /work/data/web/ancicare/images newspr.gif
99.10.04 17:43 B C:\Website\MARIMBA\My Webs\IMAGES\newspra.gif --> interpoint.net /work/data/web/ancicare/images newspra.gif
99.10.04 17:43 B C:\Website\MARIMBA\My Webs\IMAGES\nwimage.jpg --> interpoint.net /work/data/web/ancicare/images nwimage.jpg
99.10.04 17:43 B C:\Website\MARIMBA\My Webs\IMAGES\pbkg1co.jpg --> interpoint.net /work/data/web/ancicare/images pbkg1co.jpg
99.10.04 17:43 B C:\Website\MARIMBA\My Webs\IMAGES\pbkg2.jpg --> interpoint.net /work/data/web/ancicare/images pbkg2.jpg
99.10.04 17:43 B C:\Website\MARIMBA\My Webs\IMAGES\pixel.gif --> interpoint.net /work/data/web/ancicare/images pixel.gif
99.10.04 17:43 B C:\Website\MARIMBA\My Webs\IMAGES\pixela.gif --> interpoint.net /work/data/web/ancicare/images pixela.gif
99.10.04 17:43 B C:\Website\MARIMBA\My Webs\IMAGES\pixelba.gif --> interpoint.net /work/data/web/ancicare/images pixelba.gif
99.10.04 17:43 B C:\Website\MARIMBA\My Webs\IMAGES\pixelbei.gif --> interpoint.net /work/data/web/ancicare/images pixelbei.gif
99.10.04 17:43 B C:\Website\MARIMBA\My Webs\IMAGES\pmbanner.gif --> interpoint.net /work/data/web/ancicare/images pmbanner.gif
99.10.04 17:43 B C:\Website\MARIMBA\My Webs\IMAGES\prbanner.gif --> interpoint.net /work/data/web/ancicare/images prbanner.gif
99.10.04 17:44 B C:\Website\MARIMBA\My Webs\IMAGES\prlabel.gif --> interpoint.net /work/data/web/ancicare/images prlabel.gif
99.10.04 17:44 B C:\Website\MARIMBA\My Webs\IMAGES\prodalso.gif --> interpoint.net /work/data/web/ancicare/images prodalso.gif
99.10.04 17:44 B C:\Website\MARIMBA\My Webs\IMAGES\rbkg1sv.jpg --> interpoint.net /work/data/web/ancicare/images rbkg1sv.jpg
99.10.04 17:44 B C:\Website\MARIMBA\My Webs\IMAGES\rbkg2.jpg --> interpoint.net /work/data/web/ancicare/images rbkg2.jpg
99.10.04 17:44 B C:\Website\MARIMBA\My Webs\IMAGES\rettt1.gif --> interpoint.net /work/data/web/ancicare/images rettt1.gif
99.10.04 17:44 B C:\Website\MARIMBA\My Webs\IMAGES\retttop.gif --> interpoint.net /work/data/web/ancicare/images retttop.gif
99.10.04 17:44 B C:\Website\MARIMBA\My Webs\IMAGES\rrfow2.jpg --> interpoint.net /work/data/web/ancicare/images rrfow2.jpg
99.10.04 17:44 B C:\Website\MARIMBA\My Webs\IMAGES\services.gif --> interpoint.net /work/data/web/ancicare/images services.gif
99.10.04 17:44 B C:\Website\MARIMBA\My Webs\IMAGES\sfbjlogo.jpg --> interpoint.net /work/data/web/ancicare/images sfbjlogo.jpg
99.10.04 17:44 B C:\Website\MARIMBA\My Webs\IMAGES\solsol.gif --> interpoint.net /work/data/web/ancicare/images solsol.gif
99.10.04 17:44 B C:\Website\MARIMBA\My Webs\IMAGES\soluinav.gif --> interpoint.net /work/data/web/ancicare/images soluinav.gif
99.10.04 17:44 B C:\Website\MARIMBA\My Webs\IMAGES\subdec2.jpg --> interpoint.net /work/data/web/ancicare/images subdec2.jpg
99.10.04 17:44 B C:\Website\MARIMBA\My Webs\IMAGES\yeldot.gif --> interpoint.net /work/data/web/ancicare/images yeldot.gif
99.10.04 23:10 B C:\Website\MARIMBA\My Webs\IMAGES\@ac.gif --> interpoint.net /work/data/web/ancicare/IMAGES @ac.gif
99.10.04 23:10 B C:\Website\MARIMBA\My Webs\IMAGES\acdotcom.gif --> interpoint.net /work/data/web/ancicare/IMAGES acdotcom.gif
99.10.04 23:10 B C:\Website\MARIMBA\My Webs\IMAGES\aclogobb.gif --> interpoint.net /work/data/web/ancicare/IMAGES aclogobb.gif
99.10.04 23:10 B C:\Website\MARIMBA\My Webs\IMAGES\acmaploc.jpg --> interpoint.net /work/data/web/ancicare/IMAGES acmaploc.jpg
99.10.04 23:10 B C:\Website\MARIMBA\My Webs\IMAGES\acnetwk.gif --> interpoint.net /work/data/web/ancicare/IMAGES acnetwk.gif
99.10.04 23:10 B C:\Website\MARIMBA\My Webs\IMAGES\acnum1.gif --> interpoint.net /work/data/web/ancicare/IMAGES acnum1.gif
99.10.04 23:10 B C:\Website\MARIMBA\My Webs\IMAGES\acppolab.gif --> interpoint.net /work/data/web/ancicare/IMAGES acppolab.gif
99.10.04 23:11 B C:\Website\MARIMBA\My Webs\IMAGES\acprof.jpg --> interpoint.net /work/data/web/ancicare/IMAGES acprof.jpg
99.10.04 23:11 B C:\Website\MARIMBA\My Webs\IMAGES\animate.js --> interpoint.net /work/data/web/ancicare/IMAGES animate.js
99.10.04 23:11 B C:\Website\MARIMBA\My Webs\IMAGES\bb1prod.jpg --> interpoint.net /work/data/web/ancicare/IMAGES bb1prod.jpg
99.10.04 23:11 B C:\Website\MARIMBA\My Webs\IMAGES\bb2.jpg --> interpoint.net /work/data/web/ancicare/IMAGES bb2.jpg
99.10.04 23:11 B C:\Website\MARIMBA\My Webs\IMAGES\bkgrd3.gif --> interpoint.net /work/data/web/ancicare/IMAGES bkgrd3.gif
99.10.04 23:11 B C:\Website\MARIMBA\My Webs\IMAGES\bkgrd3a.gif --> interpoint.net /work/data/web/ancicare/IMAGES bkgrd3a.gif
99.10.04 23:11 B C:\Website\MARIMBA\My Webs\IMAGES\bldot.gif --> interpoint.net /work/data/web/ancicare/IMAGES bldot.gif
99.10.04 23:11 B C:\Website\MARIMBA\My Webs\IMAGES\casmall.jpg --> interpoint.net /work/data/web/ancicare/IMAGES casmall.jpg
99.10.04 23:11 B C:\Website\MARIMBA\My Webs\IMAGES\ccanci.gif --> interpoint.net /work/data/web/ancicare/IMAGES ccanci.gif
99.10.04 23:11 B C:\Website\MARIMBA\My Webs\IMAGES\chabkg2a.jpg --> interpoint.net /work/data/web/ancicare/IMAGES chabkg2a.jpg
99.10.04 23:11 B C:\Website\MARIMBA\My Webs\IMAGES\charbkg1.jpg --> interpoint.net /work/data/web/ancicare/IMAGES charbkg1.jpg
99.10.04 23:11 B C:\Website\MARIMBA\My Webs\IMAGES\charbkg2.jpg --> interpoint.net /work/data/web/ancicare/IMAGES charbkg2.jpg
99.10.04 23:11 B C:\Website\MARIMBA\My Webs\IMAGES\charbkga.jpg --> interpoint.net /work/data/web/ancicare/IMAGES charbkga.jpg
99.10.04 23:11 B C:\Website\MARIMBA\My Webs\IMAGES\coalsose.gif --> interpoint.net /work/data/web/ancicare/IMAGES coalsose.gif
99.10.04 23:11 B C:\Website\MARIMBA\My Webs\IMAGES\coinfo.gif --> interpoint.net /work/data/web/ancicare/IMAGES coinfo.gif
99.10.04 23:11 B C:\Website\MARIMBA\My Webs\IMAGES\conav.gif --> interpoint.net /work/data/web/ancicare/IMAGES conav.gif
99.10.04 23:11 B C:\Website\MARIMBA\My Webs\IMAGES\contctac.gif --> interpoint.net /work/data/web/ancicare/IMAGES contctac.gif
99.10.04 23:11 B C:\Website\MARIMBA\My Webs\IMAGES\cshcomg9.jpg --> interpoint.net /work/data/web/ancicare/IMAGES cshcomg9.jpg
99.10.04 23:11 B C:\Website\MARIMBA\My Webs\IMAGES\dcniw.gif --> interpoint.net /work/data/web/ancicare/IMAGES dcniw.gif
99.10.04 23:11 B C:\Website\MARIMBA\My Webs\IMAGES\dcniy.gif --> interpoint.net /work/data/web/ancicare/IMAGES dcniy.gif
99.10.04 23:11 B C:\Website\MARIMBA\My Webs\IMAGES\dnewsniw.gif --> interpoint.net /work/data/web/ancicare/IMAGES dnewsniw.gif
99.10.04 23:11 B C:\Website\MARIMBA\My Webs\IMAGES\dnewsniy.gif --> interpoint.net /work/data/web/ancicare/IMAGES dnewsniy.gif
99.10.04 23:11 B C:\Website\MARIMBA\My Webs\IMAGES\dnniw.gif --> interpoint.net /work/data/web/ancicare/IMAGES dnniw.gif
99.10.04 23:11 B C:\Website\MARIMBA\My Webs\IMAGES\dnniy.gif --> interpoint.net /work/data/web/ancicare/IMAGES dnniy.gif
99.10.04 23:12 B C:\Website\MARIMBA\My Webs\IMAGES\dotusagl.jpg --> interpoint.net /work/data/web/ancicare/IMAGES dotusagl.jpg
99.10.04 23:12 B C:\Website\MARIMBA\My Webs\IMAGES\dsniw.gif --> interpoint.net /work/data/web/ancicare/IMAGES dsniw.gif
99.10.04 23:12 B C:\Website\MARIMBA\My Webs\IMAGES\dsniy.gif --> interpoint.net /work/data/web/ancicare/IMAGES dsniy.gif
99.10.04 23:12 B C:\Website\MARIMBA\My Webs\IMAGES\dsolniw.gif --> interpoint.net /work/data/web/ancicare/IMAGES dsolniw.gif
99.10.04 23:12 B C:\Website\MARIMBA\My Webs\IMAGES\dsolniy.gif --> interpoint.net /work/data/web/ancicare/IMAGES dsolniy.gif
99.10.04 23:12 B C:\Website\MARIMBA\My Webs\IMAGES\flltoffi.gif --> interpoint.net /work/data/web/ancicare/IMAGES flltoffi.gif
99.10.04 23:12 B C:\Website\MARIMBA\My Webs\IMAGES\gb1anews.jpg --> interpoint.net /work/data/web/ancicare/IMAGES gb1anews.jpg
99.10.04 23:12 B C:\Website\MARIMBA\My Webs\IMAGES\gb1news.jpg --> interpoint.net /work/data/web/ancicare/IMAGES gb1news.jpg
99.10.04 23:12 B C:\Website\MARIMBA\My Webs\IMAGES\gb1solut.jpg --> interpoint.net /work/data/web/ancicare/IMAGES gb1solut.jpg
99.10.04 23:12 B C:\Website\MARIMBA\My Webs\IMAGES\gb2.jpg --> interpoint.net /work/data/web/ancicare/IMAGES gb2.jpg
99.10.04 23:12 B C:\Website\MARIMBA\My Webs\IMAGES\gb2a.jpg --> interpoint.net /work/data/web/ancicare/IMAGES gb2a.jpg
99.10.04 23:12 B C:\Website\MARIMBA\My Webs\IMAGES\ge15.jpg --> interpoint.net /work/data/web/ancicare/IMAGES ge15.jpg
99.10.04 23:12 B C:\Website\MARIMBA\My Webs\IMAGES\goyel.gif --> interpoint.net /work/data/web/ancicare/IMAGES goyel.gif
99.10.04 23:12 B C:\Website\MARIMBA\My Webs\IMAGES\hbtitle.gif --> interpoint.net /work/data/web/ancicare/IMAGES hbtitle.gif
99.10.04 23:12 B C:\Website\MARIMBA\My Webs\IMAGES\miaoffic.gif --> interpoint.net /work/data/web/ancicare/IMAGES miaoffic.gif
99.10.04 23:13 B C:\Website\MARIMBA\My Webs\IMAGES\Michael.jpg --> interpoint.net /work/data/web/ancicare/IMAGES Michael.jpg
99.10.04 23:13 B C:\Website\MARIMBA\My Webs\IMAGES\mribirth.jpg --> interpoint.net /work/data/web/ancicare/IMAGES mribirth.jpg
99.10.04 23:13 B C:\Website\MARIMBA\My Webs\IMAGES\mripatiu.jpg --> interpoint.net /work/data/web/ancicare/IMAGES mripatiu.jpg
99.10.04 23:13 B C:\Website\MARIMBA\My Webs\IMAGES\mriunit.jpg --> interpoint.net /work/data/web/ancicare/IMAGES mriunit.jpg
99.10.04 23:13 B C:\Website\MARIMBA\My Webs\IMAGES\navallof.gif --> interpoint.net /work/data/web/ancicare/IMAGES navallof.gif
99.10.04 23:13 B C:\Website\MARIMBA\My Webs\IMAGES\navnews.gif --> interpoint.net /work/data/web/ancicare/IMAGES navnews.gif
99.10.04 23:13 B C:\Website\MARIMBA\My Webs\IMAGES\navprod.gif --> interpoint.net /work/data/web/ancicare/IMAGES navprod.gif
99.10.04 23:13 B C:\Website\MARIMBA\My Webs\IMAGES\navserv.gif --> interpoint.net /work/data/web/ancicare/IMAGES navserv.gif
99.10.04 23:13 B C:\Website\MARIMBA\My Webs\IMAGES\netdevla.gif --> interpoint.net /work/data/web/ancicare/IMAGES netdevla.gif
99.10.04 23:13 B C:\Website\MARIMBA\My Webs\IMAGES\newalsoa.gif --> interpoint.net /work/data/web/ancicare/IMAGES newalsoa.gif
99.10.04 23:13 B C:\Website\MARIMBA\My Webs\IMAGES\newsalso.gif --> interpoint.net /work/data/web/ancicare/IMAGES newsalso.gif
99.10.04 23:13 B C:\Website\MARIMBA\My Webs\IMAGES\newspr.gif --> interpoint.net /work/data/web/ancicare/IMAGES newspr.gif
99.10.04 23:13 B C:\Website\MARIMBA\My Webs\IMAGES\newspra.gif --> interpoint.net /work/data/web/ancicare/IMAGES newspra.gif
99.10.04 23:13 B C:\Website\MARIMBA\My Webs\IMAGES\nwimage.jpg --> interpoint.net /work/data/web/ancicare/IMAGES nwimage.jpg
99.10.04 23:13 B C:\Website\MARIMBA\My Webs\IMAGES\pbkg1co.jpg --> interpoint.net /work/data/web/ancicare/IMAGES pbkg1co.jpg
99.10.04 23:13 B C:\Website\MARIMBA\My Webs\IMAGES\pbkg2.jpg --> interpoint.net /work/data/web/ancicare/IMAGES pbkg2.jpg
99.10.04 23:13 B C:\Website\MARIMBA\My Webs\IMAGES\pixel.gif --> interpoint.net /work/data/web/ancicare/IMAGES pixel.gif
99.10.04 23:13 B C:\Website\MARIMBA\My Webs\IMAGES\pixela.gif --> interpoint.net /work/data/web/ancicare/IMAGES pixela.gif
99.10.04 23:13 B C:\Website\MARIMBA\My Webs\IMAGES\pixelba.gif --> interpoint.net /work/data/web/ancicare/IMAGES pixelba.gif
99.10.04 23:13 B C:\Website\MARIMBA\My Webs\IMAGES\pixelbei.gif --> interpoint.net /work/data/web/ancicare/IMAGES pixelbei.gif
99.10.04 23:13 B C:\Website\MARIMBA\My Webs\IMAGES\pmbanner.gif --> interpoint.net /work/data/web/ancicare/IMAGES pmbanner.gif
99.10.04 23:13 B C:\Website\MARIMBA\My Webs\IMAGES\prbanner.gif --> interpoint.net /work/data/web/ancicare/IMAGES prbanner.gif
99.10.04 23:13 B C:\Website\MARIMBA\My Webs\IMAGES\prlabel.gif --> interpoint.net /work/data/web/ancicare/IMAGES prlabel.gif
99.10.04 23:13 B C:\Website\MARIMBA\My Webs\IMAGES\prodalso.gif --> interpoint.net /work/data/web/ancicare/IMAGES prodalso.gif
99.10.04 23:13 B C:\Website\MARIMBA\My Webs\IMAGES\rbkg1sv.jpg --> interpoint.net /work/data/web/ancicare/IMAGES rbkg1sv.jpg
99.10.04 23:13 B C:\Website\MARIMBA\My Webs\IMAGES\rbkg2.jpg --> interpoint.net /work/data/web/ancicare/IMAGES rbkg2.jpg
99.10.04 23:13 B C:\Website\MARIMBA\My Webs\IMAGES\rettt1.gif --> interpoint.net /work/data/web/ancicare/IMAGES rettt1.gif
99.10.04 23:13 B C:\Website\MARIMBA\My Webs\IMAGES\retttop.gif --> interpoint.net /work/data/web/ancicare/IMAGES retttop.gif
99.10.04 23:14 B C:\Website\MARIMBA\My Webs\IMAGES\rrfow2.jpg --> interpoint.net /work/data/web/ancicare/IMAGES rrfow2.jpg
99.10.04 23:14 B C:\Website\MARIMBA\My Webs\IMAGES\services.gif --> interpoint.net /work/data/web/ancicare/IMAGES services.gif
99.10.04 23:14 B C:\Website\MARIMBA\My Webs\IMAGES\sfbjlogo.jpg --> interpoint.net /work/data/web/ancicare/IMAGES sfbjlogo.jpg
99.10.04 23:14 B C:\Website\MARIMBA\My Webs\IMAGES\solsol.gif --> interpoint.net /work/data/web/ancicare/IMAGES solsol.gif
99.10.04 23:14 B C:\Website\MARIMBA\My Webs\IMAGES\soluinav.gif --> interpoint.net /work/data/web/ancicare/IMAGES soluinav.gif
99.10.04 23:14 B C:\Website\MARIMBA\My Webs\IMAGES\subdec2.jpg --> interpoint.net /work/data/web/ancicare/IMAGES subdec2.jpg
99.10.04 23:14 B C:\Website\MARIMBA\My Webs\IMAGES\WS_FTP.LOG --> interpoint.net /work/data/web/ancicare/IMAGES WS_FTP.LOG
99.10.04 23:14 B C:\Website\MARIMBA\My Webs\IMAGES\yeldot.gif --> interpoint.net /work/data/web/ancicare/IMAGES yeldot.gif
99.10.04 23:51 B C:\Website\MARIMBA\My Webs\IMAGES\@ac.gif --> interpoint.net /work/data/web/ancicare/IMAGES @ac.gif
99.10.04 23:51 B C:\Website\MARIMBA\My Webs\IMAGES\acdotcom.gif --> interpoint.net /work/data/web/ancicare/IMAGES acdotcom.gif
99.10.04 23:51 B C:\Website\MARIMBA\My Webs\IMAGES\aclogobb.gif --> interpoint.net /work/data/web/ancicare/IMAGES aclogobb.gif
99.10.04 23:51 B C:\Website\MARIMBA\My Webs\IMAGES\acmaploc.jpg --> interpoint.net /work/data/web/ancicare/IMAGES acmaploc.jpg
99.10.04 23:51 B C:\Website\MARIMBA\My Webs\IMAGES\acnetwk.gif --> interpoint.net /work/data/web/ancicare/IMAGES acnetwk.gif
99.10.04 23:51 B C:\Website\MARIMBA\My Webs\IMAGES\acnum1.gif --> interpoint.net /work/data/web/ancicare/IMAGES acnum1.gif
99.10.04 23:51 B C:\Website\MARIMBA\My Webs\IMAGES\acppolab.gif --> interpoint.net /work/data/web/ancicare/IMAGES acppolab.gif
99.10.04 23:51 B C:\Website\MARIMBA\My Webs\IMAGES\acprof.jpg --> interpoint.net /work/data/web/ancicare/IMAGES acprof.jpg
99.10.04 23:51 B C:\Website\MARIMBA\My Webs\IMAGES\animate.js --> interpoint.net /work/data/web/ancicare/IMAGES animate.js
99.10.04 23:51 B C:\Website\MARIMBA\My Webs\IMAGES\bb1prod.jpg --> interpoint.net /work/data/web/ancicare/IMAGES bb1prod.jpg
99.10.04 23:51 B C:\Website\MARIMBA\My Webs\IMAGES\bb2.jpg --> interpoint.net /work/data/web/ancicare/IMAGES bb2.jpg
99.10.04 23:52 B C:\Website\MARIMBA\My Webs\IMAGES\bkgrd3.gif --> interpoint.net /work/data/web/ancicare/IMAGES bkgrd3.gif
99.10.04 23:52 B C:\Website\MARIMBA\My Webs\IMAGES\bkgrd3a.gif --> interpoint.net /work/data/web/ancicare/IMAGES bkgrd3a.gif
99.10.04 23:52 B C:\Website\MARIMBA\My Webs\IMAGES\bldot.gif --> interpoint.net /work/data/web/ancicare/IMAGES bldot.gif
99.10.04 23:52 B C:\Website\MARIMBA\My Webs\IMAGES\casmall.jpg --> interpoint.net /work/data/web/ancicare/IMAGES casmall.jpg
99.10.04 23:52 B C:\Website\MARIMBA\My Webs\IMAGES\ccanci.gif --> interpoint.net /work/data/web/ancicare/IMAGES ccanci.gif
99.10.04 23:52 B C:\Website\MARIMBA\My Webs\IMAGES\chabkg2a.jpg --> interpoint.net /work/data/web/ancicare/IMAGES chabkg2a.jpg
99.10.04 23:52 B C:\Website\MARIMBA\My Webs\IMAGES\charbkg1.jpg --> interpoint.net /work/data/web/ancicare/IMAGES charbkg1.jpg
99.10.04 23:52 B C:\Website\MARIMBA\My Webs\IMAGES\charbkg2.jpg --> interpoint.net /work/data/web/ancicare/IMAGES charbkg2.jpg
99.10.04 23:52 B C:\Website\MARIMBA\My Webs\IMAGES\charbkga.jpg --> interpoint.net /work/data/web/ancicare/IMAGES charbkga.jpg
99.10.04 23:52 B C:\Website\MARIMBA\My Webs\IMAGES\coalsose.gif --> interpoint.net /work/data/web/ancicare/IMAGES coalsose.gif
99.10.04 23:52 B C:\Website\MARIMBA\My Webs\IMAGES\coinfo.gif --> interpoint.net /work/data/web/ancicare/IMAGES coinfo.gif
99.10.04 23:52 B C:\Website\MARIMBA\My Webs\IMAGES\conav.gif --> interpoint.net /work/data/web/ancicare/IMAGES conav.gif
99.10.04 23:52 B C:\Website\MARIMBA\My Webs\IMAGES\contctac.gif --> interpoint.net /work/data/web/ancicare/IMAGES contctac.gif
99.10.04 23:52 B C:\Website\MARIMBA\My Webs\IMAGES\cshcomg9.jpg --> interpoint.net /work/data/web/ancicare/IMAGES cshcomg9.jpg
99.10.04 23:52 B C:\Website\MARIMBA\My Webs\IMAGES\dcniw.gif --> interpoint.net /work/data/web/ancicare/IMAGES dcniw.gif
99.10.04 23:52 B C:\Website\MARIMBA\My Webs\IMAGES\dcniy.gif --> interpoint.net /work/data/web/ancicare/IMAGES dcniy.gif
99.10.04 23:52 B C:\Website\MARIMBA\My Webs\IMAGES\dnewsniw.gif --> interpoint.net /work/data/web/ancicare/IMAGES dnewsniw.gif
99.10.04 23:52 B C:\Website\MARIMBA\My Webs\IMAGES\dnewsniy.gif --> interpoint.net /work/data/web/ancicare/IMAGES dnewsniy.gif
99.10.04 23:52 B C:\Website\MARIMBA\My Webs\IMAGES\dnniw.gif --> interpoint.net /work/data/web/ancicare/IMAGES dnniw.gif
99.10.04 23:52 B C:\Website\MARIMBA\My Webs\IMAGES\dnniy.gif --> interpoint.net /work/data/web/ancicare/IMAGES dnniy.gif
99.10.04 23:52 B C:\Website\MARIMBA\My Webs\IMAGES\dotusagl.jpg --> interpoint.net /work/data/web/ancicare/IMAGES dotusagl.jpg
99.10.04 23:52 B C:\Website\MARIMBA\My Webs\IMAGES\dsniw.gif --> interpoint.net /work/data/web/ancicare/IMAGES dsniw.gif
99.10.04 23:52 B C:\Website\MARIMBA\My Webs\IMAGES\dsniy.gif --> interpoint.net /work/data/web/ancicare/IMAGES dsniy.gif
99.10.04 23:52 B C:\Website\MARIMBA\My Webs\IMAGES\dsolniw.gif --> interpoint.net /work/data/web/ancicare/IMAGES dsolniw.gif
99.10.04 23:52 B C:\Website\MARIMBA\My Webs\IMAGES\dsolniy.gif --> interpoint.net /work/data/web/ancicare/IMAGES dsolniy.gif
99.10.04 23:52 B C:\Website\MARIMBA\My Webs\IMAGES\flltoffi.gif --> interpoint.net /work/data/web/ancicare/IMAGES flltoffi.gif
99.10.04 23:52 B C:\Website\MARIMBA\My Webs\IMAGES\gb1anews.jpg --> interpoint.net /work/data/web/ancicare/IMAGES gb1anews.jpg
99.10.04 23:53 B C:\Website\MARIMBA\My Webs\IMAGES\gb1news.jpg --> interpoint.net /work/data/web/ancicare/IMAGES gb1news.jpg
99.10.04 23:53 B C:\Website\MARIMBA\My Webs\IMAGES\gb1solut.jpg --> interpoint.net /work/data/web/ancicare/IMAGES gb1solut.jpg
99.10.04 23:53 B C:\Website\MARIMBA\My Webs\IMAGES\gb2.jpg --> interpoint.net /work/data/web/ancicare/IMAGES gb2.jpg
99.10.04 23:53 B C:\Website\MARIMBA\My Webs\IMAGES\gb2a.jpg --> interpoint.net /work/data/web/ancicare/IMAGES gb2a.jpg
99.10.04 23:53 B C:\Website\MARIMBA\My Webs\IMAGES\ge15.jpg --> interpoint.net /work/data/web/ancicare/IMAGES ge15.jpg
99.10.04 23:53 B C:\Website\MARIMBA\My Webs\IMAGES\goyel.gif --> interpoint.net /work/data/web/ancicare/IMAGES goyel.gif
99.10.04 23:53 B C:\Website\MARIMBA\My Webs\IMAGES\hbtitle.gif --> interpoint.net /work/data/web/ancicare/IMAGES hbtitle.gif
99.10.04 23:53 B C:\Website\MARIMBA\My Webs\IMAGES\miaoffic.gif --> interpoint.net /work/data/web/ancicare/IMAGES miaoffic.gif
99.10.04 23:53 B C:\Website\MARIMBA\My Webs\IMAGES\Michael.jpg --> interpoint.net /work/data/web/ancicare/IMAGES Michael.jpg
99.10.04 23:53 B C:\Website\MARIMBA\My Webs\IMAGES\mribirth.jpg --> interpoint.net /work/data/web/ancicare/IMAGES mribirth.jpg
99.10.04 23:53 B C:\Website\MARIMBA\My Webs\IMAGES\mripatiu.jpg --> interpoint.net /work/data/web/ancicare/IMAGES mripatiu.jpg
99.10.04 23:53 B C:\Website\MARIMBA\My Webs\IMAGES\mriunit.jpg --> interpoint.net /work/data/web/ancicare/IMAGES mriunit.jpg
99.10.04 23:53 B C:\Website\MARIMBA\My Webs\IMAGES\navallof.gif --> interpoint.net /work/data/web/ancicare/IMAGES navallof.gif
99.10.04 23:53 B C:\Website\MARIMBA\My Webs\IMAGES\navnews.gif --> interpoint.net /work/data/web/ancicare/IMAGES navnews.gif
99.10.04 23:53 B C:\Website\MARIMBA\My Webs\IMAGES\navprod.gif --> interpoint.net /work/data/web/ancicare/IMAGES navprod.gif
99.10.04 23:53 B C:\Website\MARIMBA\My Webs\IMAGES\navserv.gif --> interpoint.net /work/data/web/ancicare/IMAGES navserv.gif
99.10.04 23:53 B C:\Website\MARIMBA\My Webs\IMAGES\netdevla.gif --> interpoint.net /work/data/web/ancicare/IMAGES netdevla.gif
99.10.04 23:53 B C:\Website\MARIMBA\My Webs\IMAGES\newalsoa.gif --> interpoint.net /work/data/web/ancicare/IMAGES newalsoa.gif
99.10.04 23:53 B C:\Website\MARIMBA\My Webs\IMAGES\newsalso.gif --> interpoint.net /work/data/web/ancicare/IMAGES newsalso.gif
99.10.04 23:53 B C:\Website\MARIMBA\My Webs\IMAGES\newspr.gif --> interpoint.net /work/data/web/ancicare/IMAGES newspr.gif
99.10.04 23:53 B C:\Website\MARIMBA\My Webs\IMAGES\newspra.gif --> interpoint.net /work/data/web/ancicare/IMAGES newspra.gif
99.10.04 23:53 B C:\Website\MARIMBA\My Webs\IMAGES\nwimage.jpg --> interpoint.net /work/data/web/ancicare/IMAGES nwimage.jpg
99.10.04 23:53 B C:\Website\MARIMBA\My Webs\IMAGES\pbkg1co.jpg --> interpoint.net /work/data/web/ancicare/IMAGES pbkg1co.jpg
99.10.04 23:54 B C:\Website\MARIMBA\My Webs\IMAGES\pbkg2.jpg --> interpoint.net /work/data/web/ancicare/IMAGES pbkg2.jpg
99.10.04 23:54 B C:\Website\MARIMBA\My Webs\IMAGES\pixel.gif --> interpoint.net /work/data/web/ancicare/IMAGES pixel.gif
99.10.04 23:54 B C:\Website\MARIMBA\My Webs\IMAGES\pixela.gif --> interpoint.net /work/data/web/ancicare/IMAGES pixela.gif
99.10.04 23:54 B C:\Website\MARIMBA\My Webs\IMAGES\pixelba.gif --> interpoint.net /work/data/web/ancicare/IMAGES pixelba.gif
99.10.04 23:54 B C:\Website\MARIMBA\My Webs\IMAGES\pixelbei.gif --> interpoint.net /work/data/web/ancicare/IMAGES pixelbei.gif
99.10.04 23:54 B C:\Website\MARIMBA\My Webs\IMAGES\pmbanner.gif --> interpoint.net /work/data/web/ancicare/IMAGES pmbanner.gif
99.10.04 23:54 B C:\Website\MARIMBA\My Webs\IMAGES\prbanner.gif --> interpoint.net /work/data/web/ancicare/IMAGES prbanner.gif
99.10.04 23:54 B C:\Website\MARIMBA\My Webs\IMAGES\prlabel.gif --> interpoint.net /work/data/web/ancicare/IMAGES prlabel.gif
99.10.04 23:54 B C:\Website\MARIMBA\My Webs\IMAGES\prodalso.gif --> interpoint.net /work/data/web/ancicare/IMAGES prodalso.gif
99.10.04 23:54 B C:\Website\MARIMBA\My Webs\IMAGES\rbkg1sv.jpg --> interpoint.net /work/data/web/ancicare/IMAGES rbkg1sv.jpg
99.10.04 23:54 B C:\Website\MARIMBA\My Webs\IMAGES\rbkg2.jpg --> interpoint.net /work/data/web/ancicare/IMAGES rbkg2.jpg
99.10.04 23:54 B C:\Website\MARIMBA\My Webs\IMAGES\rettt1.gif --> interpoint.net /work/data/web/ancicare/IMAGES rettt1.gif
99.10.04 23:54 B C:\Website\MARIMBA\My Webs\IMAGES\retttop.gif --> interpoint.net /work/data/web/ancicare/IMAGES retttop.gif
99.10.04 23:54 B C:\Website\MARIMBA\My Webs\IMAGES\rrfow2.jpg --> interpoint.net /work/data/web/ancicare/IMAGES rrfow2.jpg
99.10.04 23:54 B C:\Website\MARIMBA\My Webs\IMAGES\services.gif --> interpoint.net /work/data/web/ancicare/IMAGES services.gif
99.10.04 23:54 B C:\Website\MARIMBA\My Webs\IMAGES\sfbjlogo.jpg --> interpoint.net /work/data/web/ancicare/IMAGES sfbjlogo.jpg
99.10.04 23:54 B C:\Website\MARIMBA\My Webs\IMAGES\solsol.gif --> interpoint.net /work/data/web/ancicare/IMAGES solsol.gif
99.10.04 23:54 B C:\Website\MARIMBA\My Webs\IMAGES\soluinav.gif --> interpoint.net /work/data/web/ancicare/IMAGES soluinav.gif
99.10.04 23:54 B C:\Website\MARIMBA\My Webs\IMAGES\subdec2.jpg --> interpoint.net /work/data/web/ancicare/IMAGES subdec2.jpg
99.10.04 23:54 B C:\Website\MARIMBA\My Webs\IMAGES\WS_FTP.LOG --> interpoint.net /work/data/web/ancicare/IMAGES WS_FTP.LOG
99.10.04 23:54 B C:\Website\MARIMBA\My Webs\IMAGES\yeldot.gif --> interpoint.net /work/data/web/ancicare/IMAGES yeldot.gif
99.10.05 00:10 B C:\Website\MARIMBA\My Webs\IMAGES\michael.jpg --> interpoint.net /work/data/web/ancicare/IMAGES michael.jpg
99.10.13 17:59 B C:\Website\MARIMBA\My Webs\IMAGES\acmap.jpg --> interpoint.net /work/data/web/ancicare acmap.jpg
99.10.13 17:59 B C:\Website\MARIMBA\My Webs\IMAGES\acmap.jpg --> interpoint.net /work/data/web/ancicare/IMAGES acmap.jpg
99.10.13 17:59 B C:\Website\MARIMBA\My Webs\IMAGES\winner3.gif --> interpoint.net /work/data/web/ancicare/IMAGES winner3.gif
