99.10.03 08:50 B C:\Website\MARIMBA\My Webs\ancicare_logo_with_blue_background.gif --> interpoint.net /work/data/web/ancicare ancicare_logo_with_blue_background.gif
99.10.03 08:50 B C:\Website\MARIMBA\My Webs\animate.js --> interpoint.net /work/data/web/ancicare animate.js
99.10.03 08:50 B C:\Website\MARIMBA\My Webs\ARTICLES.html --> interpoint.net /work/data/web/ancicare ARTICLES.html
99.10.03 08:50 B C:\Website\MARIMBA\My Webs\automc solutions.html --> interpoint.net /work/data/web/ancicare automc solutions.html
99.10.03 08:50 B C:\Website\MARIMBA\My Webs\awards.html --> interpoint.net /work/data/web/ancicare awards.html
99.10.03 08:50 B C:\Website\MARIMBA\My Webs\bic075_Keyboard.jpg --> interpoint.net /work/data/web/ancicare bic075_Keyboard.jpg
99.10.03 08:51 B C:\Website\MARIMBA\My Webs\bill review.html --> interpoint.net /work/data/web/ancicare bill review.html
99.10.03 08:51 B C:\Website\MARIMBA\My Webs\bkgrd3.gif --> interpoint.net /work/data/web/ancicare bkgrd3.gif
99.10.03 08:51 B C:\Website\MARIMBA\My Webs\bte048.jpg --> interpoint.net /work/data/web/ancicare bte048.jpg
99.10.03 08:51 B C:\Website\MARIMBA\My Webs\case coord.html --> interpoint.net /work/data/web/ancicare case coord.html
99.10.03 08:51 B C:\Website\MARIMBA\My Webs\charcoal_back_1.jpg --> interpoint.net /work/data/web/ancicare charcoal_back_1.jpg
99.10.03 08:51 B C:\Website\MARIMBA\My Webs\charcoal_back_2.jpg --> interpoint.net /work/data/web/ancicare charcoal_back_2.jpg
99.10.03 08:51 B C:\Website\MARIMBA\My Webs\client-factsheet.html --> interpoint.net /work/data/web/ancicare client-factsheet.html
99.10.03 08:57 B C:\Website\MARIMBA\My Webs\ancicare_logo_with_blue_background.gif --> interpoint.net /work/data/web/ancicare ancicare_logo_with_blue_background.gif
99.10.03 08:57 B C:\Website\MARIMBA\My Webs\animate.js --> interpoint.net /work/data/web/ancicare animate.js
99.10.03 08:57 B C:\Website\MARIMBA\My Webs\ARTICLES.html --> interpoint.net /work/data/web/ancicare ARTICLES.html
99.10.03 08:57 B C:\Website\MARIMBA\My Webs\automc solutions.html --> interpoint.net /work/data/web/ancicare automc solutions.html
99.10.03 08:57 B C:\Website\MARIMBA\My Webs\awards.html --> interpoint.net /work/data/web/ancicare awards.html
99.10.03 08:57 B C:\Website\MARIMBA\My Webs\bic075_Keyboard.jpg --> interpoint.net /work/data/web/ancicare bic075_Keyboard.jpg
99.10.03 08:57 B C:\Website\MARIMBA\My Webs\bill review.html --> interpoint.net /work/data/web/ancicare bill review.html
99.10.03 08:57 B C:\Website\MARIMBA\My Webs\bkgrd3.gif --> interpoint.net /work/data/web/ancicare bkgrd3.gif
99.10.03 08:57 B C:\Website\MARIMBA\My Webs\bte048.jpg --> interpoint.net /work/data/web/ancicare bte048.jpg
99.10.03 08:57 B C:\Website\MARIMBA\My Webs\case coord.html --> interpoint.net /work/data/web/ancicare case coord.html
99.10.03 08:57 B C:\Website\MARIMBA\My Webs\charcoal_back_1.jpg --> interpoint.net /work/data/web/ancicare charcoal_back_1.jpg
99.10.03 08:57 B C:\Website\MARIMBA\My Webs\charcoal_back_2.jpg --> interpoint.net /work/data/web/ancicare charcoal_back_2.jpg
99.10.03 08:57 B C:\Website\MARIMBA\My Webs\client-factsheet.html --> interpoint.net /work/data/web/ancicare client-factsheet.html
99.10.03 08:57 B C:\Website\MARIMBA\My Webs\client-profile.html --> interpoint.net /work/data/web/ancicare client-profile.html
99.10.03 08:58 B C:\Website\MARIMBA\My Webs\client.html --> interpoint.net /work/data/web/ancicare client.html
99.10.03 08:58 B C:\Website\MARIMBA\My Webs\COMPANY.html --> interpoint.net /work/data/web/ancicare COMPANY.html
99.10.03 08:58 B C:\Website\MARIMBA\My Webs\contact.html --> interpoint.net /work/data/web/ancicare contact.html
99.10.03 08:58 B C:\Website\MARIMBA\My Webs\conv_auto_smaller.jpg --> interpoint.net /work/data/web/ancicare conv_auto_smaller.jpg
99.10.03 08:58 B C:\Website\MARIMBA\My Webs\Copy of MIN Overview.html --> interpoint.net /work/data/web/ancicare Copy of MIN Overview.html
99.10.03 08:58 B C:\Website\MARIMBA\My Webs\Cust_Svc_Hand_and_Computer_Grade_9.jpg --> interpoint.net /work/data/web/ancicare Cust_Svc_Hand_and_Computer_Grade_9.jpg
99.10.03 08:58 B C:\Website\MARIMBA\My Webs\cyb3015.jpg --> interpoint.net /work/data/web/ancicare cyb3015.jpg
99.10.03 08:58 B C:\Website\MARIMBA\My Webs\DBU049.jpg --> interpoint.net /work/data/web/ancicare DBU049.jpg
99.10.03 08:58 B C:\Website\MARIMBA\My Webs\DIRECTIO.html --> interpoint.net /work/data/web/ancicare DIRECTIO.html
99.10.03 08:58 B C:\Website\MARIMBA\My Webs\distribu.html --> interpoint.net /work/data/web/ancicare distribu.html
99.10.03 08:58 B C:\Website\MARIMBA\My Webs\door_openion_to_USA_Globe_Lgr_Size_GRADE_9.jpg --> interpoint.net /work/data/web/ancicare door_openion_to_USA_Globe_Lgr_Size_GRADE_9.jpg
99.10.03 08:58 B C:\Website\MARIMBA\My Webs\EMPLOYME.html --> interpoint.net /work/data/web/ancicare EMPLOYME.html
99.10.03 08:58 B C:\Website\MARIMBA\My Webs\evaluation.html --> interpoint.net /work/data/web/ancicare evaluation.html
99.10.03 08:58 B C:\Website\MARIMBA\My Webs\EVENTS.html --> interpoint.net /work/data/web/ancicare EVENTS.html
99.10.03 08:58 B C:\Website\MARIMBA\My Webs\FAQS.html --> interpoint.net /work/data/web/ancicare FAQS.html
99.10.03 08:58 B C:\Website\MARIMBA\My Webs\fp_company in red.gif --> interpoint.net /work/data/web/ancicare fp_company in red.gif
99.10.03 08:58 B C:\Website\MARIMBA\My Webs\fp_company.gif --> interpoint.net /work/data/web/ancicare fp_company.gif
99.10.03 08:58 B C:\Website\MARIMBA\My Webs\fp_network in red.gif --> interpoint.net /work/data/web/ancicare fp_network in red.gif
99.10.03 08:58 B C:\Website\MARIMBA\My Webs\fp_network.gif --> interpoint.net /work/data/web/ancicare fp_network.gif
99.10.03 08:58 B C:\Website\MARIMBA\My Webs\fp_news.gif --> interpoint.net /work/data/web/ancicare fp_news.gif
99.10.03 08:58 B C:\Website\MARIMBA\My Webs\fp_news_in_red.gif --> interpoint.net /work/data/web/ancicare fp_news_in_red.gif
99.10.03 08:58 B C:\Website\MARIMBA\My Webs\fp_services in red.gif --> interpoint.net /work/data/web/ancicare fp_services in red.gif
99.10.03 08:58 B C:\Website\MARIMBA\My Webs\fp_services.gif --> interpoint.net /work/data/web/ancicare fp_services.gif
99.10.03 08:58 B C:\Website\MARIMBA\My Webs\fp_solutions in red.gif --> interpoint.net /work/data/web/ancicare fp_solutions in red.gif
99.10.03 08:58 B C:\Website\MARIMBA\My Webs\fp_solutions.gif --> interpoint.net /work/data/web/ancicare fp_solutions.gif
99.10.03 08:58 B C:\Website\MARIMBA\My Webs\giftwh.gif --> interpoint.net /work/data/web/ancicare giftwh.gif
99.10.03 08:59 B C:\Website\MARIMBA\My Webs\global.asa --> interpoint.net /work/data/web/ancicare global.asa
99.10.03 08:59 B C:\Website\MARIMBA\My Webs\goyel.gif --> interpoint.net /work/data/web/ancicare goyel.gif
99.10.03 08:59 B C:\Website\MARIMBA\My Webs\green_back_1_news.jpg --> interpoint.net /work/data/web/ancicare green_back_1_news.jpg
99.10.03 08:59 B C:\Website\MARIMBA\My Webs\green_back_2.jpg --> interpoint.net /work/data/web/ancicare green_back_2.jpg
99.10.03 08:59 B C:\Website\MARIMBA\My Webs\guarantee.html --> interpoint.net /work/data/web/ancicare guarantee.html
99.10.03 08:59 B C:\Website\MARIMBA\My Webs\Hispanic Business Largest.html --> interpoint.net /work/data/web/ancicare Hispanic Business Largest.html
99.10.03 08:59 B C:\Website\MARIMBA\My Webs\index.html --> interpoint.net /work/data/web/ancicare index.html
99.10.03 08:59 B C:\Website\MARIMBA\My Webs\index1.html --> interpoint.net /work/data/web/ancicare index1.html
99.10.03 08:59 B C:\Website\MARIMBA\My Webs\index2.html --> interpoint.net /work/data/web/ancicare index2.html
99.10.03 08:59 B C:\Website\MARIMBA\My Webs\index3.html --> interpoint.net /work/data/web/ancicare index3.html
99.10.03 08:59 B C:\Website\MARIMBA\My Webs\index4.html --> interpoint.net /work/data/web/ancicare index4.html
99.10.03 08:59 B C:\Website\MARIMBA\My Webs\index5.html --> interpoint.net /work/data/web/ancicare index5.html
99.10.03 08:59 B C:\Website\MARIMBA\My Webs\legal.html --> interpoint.net /work/data/web/ancicare legal.html
99.10.03 08:59 B C:\Website\MARIMBA\My Webs\Locations.html --> interpoint.net /work/data/web/ancicare Locations.html
99.10.03 08:59 B C:\Website\MARIMBA\My Webs\MANAGEME.html --> interpoint.net /work/data/web/ancicare MANAGEME.html
99.10.03 08:59 B C:\Website\MARIMBA\My Webs\MIN Introduction.html --> interpoint.net /work/data/web/ancicare MIN Introduction.html
99.10.03 08:59 B C:\Website\MARIMBA\My Webs\MIN Overview.html --> interpoint.net /work/data/web/ancicare MIN Overview.html
99.10.03 08:59 B C:\Website\MARIMBA\My Webs\MIS.html --> interpoint.net /work/data/web/ancicare MIS.html
99.10.03 08:59 B C:\Website\MARIMBA\My Webs\mri_patient_in_unit1_grade_9.jpg --> interpoint.net /work/data/web/ancicare mri_patient_in_unit1_grade_9.jpg
99.10.03 08:59 B C:\Website\MARIMBA\My Webs\mri_unit_Grade_9.jpg --> interpoint.net /work/data/web/ancicare mri_unit_Grade_9.jpg
99.10.03 08:59 B C:\Website\MARIMBA\My Webs\nav_all_off.gif --> interpoint.net /work/data/web/ancicare nav_all_off.gif
99.10.03 08:59 B C:\Website\MARIMBA\My Webs\NAV_NEWS.GIF --> interpoint.net /work/data/web/ancicare NAV_NEWS.GIF
99.10.03 08:59 B C:\Website\MARIMBA\My Webs\Net require.html --> interpoint.net /work/data/web/ancicare Net require.html
99.10.03 08:59 B C:\Website\MARIMBA\My Webs\NETWORK.html --> interpoint.net /work/data/web/ancicare NETWORK.html
99.10.03 09:00 B C:\Website\MARIMBA\My Webs\NEWS.html --> interpoint.net /work/data/web/ancicare NEWS.html
99.10.03 09:00 B C:\Website\MARIMBA\My Webs\news_also_see.gif --> interpoint.net /work/data/web/ancicare news_also_see.gif
99.10.03 09:00 B C:\Website\MARIMBA\My Webs\news_news_and_press.gif --> interpoint.net /work/data/web/ancicare news_news_and_press.gif
99.10.03 09:00 B C:\Website\MARIMBA\My Webs\newswh.gif --> interpoint.net /work/data/web/ancicare newswh.gif
99.10.03 09:00 B C:\Website\MARIMBA\My Webs\NW_Benefits.html --> interpoint.net /work/data/web/ancicare NW_Benefits.html
99.10.03 09:00 B C:\Website\MARIMBA\My Webs\NW_Contracting.html --> interpoint.net /work/data/web/ancicare NW_Contracting.html
99.10.03 09:00 B C:\Website\MARIMBA\My Webs\NW_Imaging Services.html --> interpoint.net /work/data/web/ancicare NW_Imaging Services.html
99.10.03 09:00 B C:\Website\MARIMBA\My Webs\NW_Network Development FAQ.html --> interpoint.net /work/data/web/ancicare NW_Network Development FAQ.html
99.10.03 09:00 B C:\Website\MARIMBA\My Webs\NW_Partner With AnciCare.html --> interpoint.net /work/data/web/ancicare NW_Partner With AnciCare.html
99.10.03 09:00 B C:\Website\MARIMBA\My Webs\NW_PR FAQ.html --> interpoint.net /work/data/web/ancicare NW_PR FAQ.html
99.10.03 09:00 B C:\Website\MARIMBA\My Webs\NW_Provider Applications.html --> interpoint.net /work/data/web/ancicare NW_Provider Applications.html
99.10.03 09:00 B C:\Website\MARIMBA\My Webs\NW_Strategic Partners.html --> interpoint.net /work/data/web/ancicare NW_Strategic Partners.html
99.10.03 09:00 B C:\Website\MARIMBA\My Webs\Official_AnciCare_Logo_Thumbnail_Image1.jpg --> interpoint.net /work/data/web/ancicare Official_AnciCare_Logo_Thumbnail_Image1.jpg
99.10.03 09:00 B C:\Website\MARIMBA\My Webs\OVERVIEW.html --> interpoint.net /work/data/web/ancicare OVERVIEW.html
99.10.03 09:00 B C:\Website\MARIMBA\My Webs\PCS.html --> interpoint.net /work/data/web/ancicare PCS.html
99.10.03 09:00 B C:\Website\MARIMBA\My Webs\perf rep.html --> interpoint.net /work/data/web/ancicare perf rep.html
99.10.03 09:00 B C:\Website\MARIMBA\My Webs\PIXEL.GIF --> interpoint.net /work/data/web/ancicare PIXEL.GIF
99.10.03 09:00 B C:\Website\MARIMBA\My Webs\pixel_beige.gif --> interpoint.net /work/data/web/ancicare pixel_beige.gif
99.10.03 09:00 B C:\Website\MARIMBA\My Webs\PM Access to Health Care.html --> interpoint.net /work/data/web/ancicare PM Access to Health Care.html
99.10.03 09:00 B C:\Website\MARIMBA\My Webs\PM Billing and Claims.html --> interpoint.net /work/data/web/ancicare PM Billing and Claims.html
99.10.03 09:00 B C:\Website\MARIMBA\My Webs\PM Corr Action Plan.html --> interpoint.net /work/data/web/ancicare PM Corr Action Plan.html
99.10.03 09:00 B C:\Website\MARIMBA\My Webs\PM Diag Evaluation.html --> interpoint.net /work/data/web/ancicare PM Diag Evaluation.html
99.10.03 09:00 B C:\Website\MARIMBA\My Webs\PM Exp of Reimb.html --> interpoint.net /work/data/web/ancicare PM Exp of Reimb.html
99.10.03 09:00 B C:\Website\MARIMBA\My Webs\PM Facility Cred.html --> interpoint.net /work/data/web/ancicare PM Facility Cred.html
99.10.03 09:00 B C:\Website\MARIMBA\My Webs\PM Griev and Appeals.html --> interpoint.net /work/data/web/ancicare PM Griev and Appeals.html
99.10.03 09:00 B C:\Website\MARIMBA\My Webs\PM Identifying Cov Persons.html --> interpoint.net /work/data/web/ancicare PM Identifying Cov Persons.html
99.10.03 09:00 B C:\Website\MARIMBA\My Webs\PM Intro.html --> interpoint.net /work/data/web/ancicare PM Intro.html
99.10.03 09:00 B C:\Website\MARIMBA\My Webs\PM Med Rec.html --> interpoint.net /work/data/web/ancicare PM Med Rec.html
99.10.03 09:00 B C:\Website\MARIMBA\My Webs\PM Overview.html --> interpoint.net /work/data/web/ancicare PM Overview.html
99.10.03 09:00 B C:\Website\MARIMBA\My Webs\PM Prov Relations.html --> interpoint.net /work/data/web/ancicare PM Prov Relations.html
99.10.03 09:00 B C:\Website\MARIMBA\My Webs\PM Quality Improv Program.html --> interpoint.net /work/data/web/ancicare PM Quality Improv Program.html
99.10.03 09:01 B C:\Website\MARIMBA\My Webs\PM Rad Cred.html --> interpoint.net /work/data/web/ancicare PM Rad Cred.html
99.10.03 09:01 B C:\Website\MARIMBA\My Webs\PM Sched Proc.html --> interpoint.net /work/data/web/ancicare PM Sched Proc.html
99.10.03 09:01 B C:\Website\MARIMBA\My Webs\PR FAQ.html --> interpoint.net /work/data/web/ancicare PR FAQ.html
99.10.03 09:01 B C:\Website\MARIMBA\My Webs\PR Intro.html --> interpoint.net /work/data/web/ancicare PR Intro.html
99.10.03 09:01 B C:\Website\MARIMBA\My Webs\PR Pro References.html --> interpoint.net /work/data/web/ancicare PR Pro References.html
99.10.03 09:01 B C:\Website\MARIMBA\My Webs\PR Prov Apps.html --> interpoint.net /work/data/web/ancicare PR Prov Apps.html
99.10.03 09:01 B C:\Website\MARIMBA\My Webs\PR Recruitment.html --> interpoint.net /work/data/web/ancicare PR Recruitment.html
99.10.03 09:01 B C:\Website\MARIMBA\My Webs\PR Sample Prov Agreement.html --> interpoint.net /work/data/web/ancicare PR Sample Prov Agreement.html
99.10.03 09:01 B C:\Website\MARIMBA\My Webs\PRESS RELEASE - HISPANIC BUS --> interpoint.net /work/data/web/ancicare PRESS RELEASE - HISPANIC BUS
99.10.03 09:01 B C:\Website\MARIMBA\My Webs\PRESS RELEASE_AnciCare Strengthens.html --> interpoint.net /work/data/web/ancicare PRESS RELEASE_AnciCare Strengthens.html
99.10.03 09:01 B C:\Website\MARIMBA\My Webs\PRESS RELEASE_HISPANIC BUS.html --> interpoint.net /work/data/web/ancicare PRESS RELEASE_HISPANIC BUS.html
99.10.03 09:01 B C:\Website\MARIMBA\My Webs\PRESS RELEASE_SFBJ.html --> interpoint.net /work/data/web/ancicare PRESS RELEASE_SFBJ.html
99.10.03 09:01 B C:\Website\MARIMBA\My Webs\PRESS.html --> interpoint.net /work/data/web/ancicare PRESS.html
99.10.03 09:01 B C:\Website\MARIMBA\My Webs\purchase.html --> interpoint.net /work/data/web/ancicare purchase.html
99.10.03 09:01 B C:\Website\MARIMBA\My Webs\Qualifications.html --> interpoint.net /work/data/web/ancicare Qualifications.html
99.10.03 09:01 B C:\Website\MARIMBA\My Webs\quality improv.html --> interpoint.net /work/data/web/ancicare quality improv.html
99.10.03 09:01 B C:\Website\MARIMBA\My Webs\rads_reading_film_on_wall2_Grade_8.jpg --> interpoint.net /work/data/web/ancicare rads_reading_film_on_wall2_Grade_8.jpg
99.10.03 09:01 B C:\Website\MARIMBA\My Webs\RELEASES.html --> interpoint.net /work/data/web/ancicare RELEASES.html
99.10.03 09:01 B C:\Website\MARIMBA\My Webs\return_to_top.gif --> interpoint.net /work/data/web/ancicare return_to_top.gif
99.10.03 09:01 B C:\Website\MARIMBA\My Webs\search form.html --> interpoint.net /work/data/web/ancicare search form.html
99.10.03 09:01 B C:\Website\MARIMBA\My Webs\SEARCH.html --> interpoint.net /work/data/web/ancicare SEARCH.html
99.10.03 09:01 B C:\Website\MARIMBA\My Webs\SERVICES.html --> interpoint.net /work/data/web/ancicare SERVICES.html
99.10.03 09:01 B C:\Website\MARIMBA\My Webs\site reviews.html --> interpoint.net /work/data/web/ancicare site reviews.html
99.10.03 09:01 B C:\Website\MARIMBA\My Webs\site reviews1.html --> interpoint.net /work/data/web/ancicare site reviews1.html
99.10.03 09:01 B C:\Website\MARIMBA\My Webs\sitemap.html --> interpoint.net /work/data/web/ancicare sitemap.html
99.10.03 09:01 B C:\Website\MARIMBA\My Webs\SOLUTION.html --> interpoint.net /work/data/web/ancicare SOLUTION.html
99.10.03 09:02 B C:\Website\MARIMBA\My Webs\SOS.html --> interpoint.net /work/data/web/ancicare SOS.html
99.10.03 09:02 B C:\Website\MARIMBA\My Webs\WS_FTP.LOG --> interpoint.net /work/data/web/ancicare WS_FTP.LOG
99.10.03 09:02 B C:\Website\MARIMBA\My Webs\yeldot.gif --> interpoint.net /work/data/web/ancicare yeldot.gif
99.10.03 10:00 B C:\Website\MARIMBA\My Webs\index.HTM --> interpoint.net /work/data/web/ancicare index.HTM
99.10.03 10:07 B C:\Website\MARIMBA\My Webs\index.HTM --> interpoint.net /work/data/web/ancicare index.HTM
99.10.03 10:11 B C:\Website\MARIMBA\My Webs\index.HTML --> interpoint.net /work/data/web/ancicare index.HTML
99.10.03 10:15 B C:\Website\MARIMBA\My Webs\index.HTM --> interpoint.net /work/data/web/ancicare index.HTM
